[Licensing::Module] Trying to connect to existing licensing client channel...
Built from '6000.3/staging' branch; Version is '6000.3.11f1 (3000ef702840) revision 3145967'; Using compiler version '194234433'; Build Type 'Release'
OS: 'Windows 11  (10.0.26200) CoreSingleLanguage' Language: 'es' Physical Memory: 7381 MB
BatchMode: 1, IsHumanControllingUs: 0, StartBugReporterOnCrash: 0, Is64bit: 1
System  architecture: x64
Process architecture: x64
Date: 2026-03-30T13:26:38Z
[Licensing::IpcConnector] Successfully connected to: "LicenseClient-crist" at "2026-03-30T13:26:38.8784618Z"

COMMAND LINE ARGUMENTS:
C:\Program Files\Unity\Hub\Editor\6000.3.11f1\Editor\Unity.exe
-adb2
-batchMode
-noUpm
-name
AssetImportWorker10
-projectPath
C:/Users/crist/OneDrive/Documentos/GitHub/endless-runner
-logFile
Logs/AssetImportWorker10.log
-srvPort
63395
-licensingIpc
LicenseClient-crist
-job-worker-count
5
-background-job-worker-count
8
-gc-helper-count
1
-name
AssetImport
Successfully changed project path to: C:/Users/crist/OneDrive/Documentos/GitHub/endless-runner
C:/Users/crist/OneDrive/Documentos/GitHub/endless-runner
[UnityMemory] Configuration Parameters - Can be set up in boot.config
    "memorysetup-temp-allocator-size-nav-mesh-worker=65536"
    "memorysetup-temp-allocator-size-audio-worker=65536"
    "memorysetup-temp-allocator-size-gfx=262144"
    "memorysetup-allocator-temp-initial-block-size-main=262144"
    "memorysetup-allocator-temp-initial-block-size-worker=262144"
    "memorysetup-temp-allocator-size-background-worker=32768"
    "memorysetup-temp-allocator-size-job-worker=262144"
    "memorysetup-temp-allocator-size-preload-manager=33554432"
    "memorysetup-temp-allocator-size-gi-baking-worker=262144"
    "memorysetup-temp-allocator-size-gi-baking-worker=262144"
    "memorysetup-temp-allocator-size-gi-baking-worker=262144"
    "memorysetup-temp-allocator-size-gi-baking-worker=262144"
    "memorysetup-temp-allocator-size-gi-baking-worker=262144"
    "memorysetup-bucket-allocator-granularity=16"
    "memorysetup-bucket-allocator-bucket-count=8"
    "memorysetup-bucket-allocator-block-size=33554432"
    "memorysetup-bucket-allocator-block-count=8"
    "memorysetup-main-allocator-block-size=16777216"
    "memorysetup-thread-allocator-block-size=16777216"
    "memorysetup-gfx-main-allocator-block-size=16777216"
    "memorysetup-gfx-thread-allocator-block-size=16777216"
    "memorysetup-cache-allocator-block-size=4194304"
    "memorysetup-typetree-allocator-block-size=2097152"
    "memorysetup-profiler-bucket-allocator-granularity=16"
    "memorysetup-profiler-bucket-allocator-bucket-count=8"
    "memorysetup-profiler-bucket-allocator-block-size=33554432"
    "memorysetup-profiler-bucket-allocator-block-count=8"
    "memorysetup-profiler-allocator-block-size=16777216"
    "memorysetup-profiler-editor-allocator-block-size=1048576"
    "memorysetup-temp-allocator-size-main=16777216"
    "memorysetup-job-temp-allocator-block-size=2097152"
    "memorysetup-job-temp-allocator-block-size-background=1048576"
    "memorysetup-job-temp-allocator-reduction-small-platforms=262144"
    "memorysetup-temp-allocator-size-cloud-worker=32768"
Player connection [21640]  Target information:

Player connection [21640]  * "[IP] 192.168.56.1 [Port] 0 [Flags] 2 [Guid] 4072135726 [EditorId] 4072135726 [Version] 1048832 [Id] WindowsEditor(7,LAPTOP-QKGJJ9E6) [Debug] 1 [PackageName] WindowsEditor [ProjectName] Editor" 

Player connection [21640]  * "[IP] 10.244.114.80 [Port] 0 [Flags] 2 [Guid] 4072135726 [EditorId] 4072135726 [Version] 1048832 [Id] WindowsEditor(7,LAPTOP-QKGJJ9E6) [Debug] 1 [PackageName] WindowsEditor [ProjectName] Editor" 

Player connection [21640] Host joined multi-casting on [225.0.0.222:54997]...
Player connection [21640] Host joined alternative multi-casting on [225.0.0.222:34997]...
JobSystem: Creating JobQueue using job-worker-count value 5
Input System module state changed to: Initialized.
[Physics::Module] Initialized fallback backend.
[Physics::Module] Id: 0xdecafbad
Library Redirect Path: Library/
[Physics::Module] Selected backend.
[Physics::Module] Name: PhysX
[Physics::Module] Id: 0xf2b8ea05
[Physics::Module] SDK Version: 4.1.2
[Physics::Module] Integration Version: 1.0.0
[Physics::Module] Threading Mode: Multi-Threaded
Refreshing native plugins compatible for Editor in 18.75 ms, found 4 plugins.
Preloading 0 native plugins for Editor in 0.00 ms.
Initialize engine version: 6000.3.11f1 (3000ef702840)
[Subsystems] Discovering subsystems at path C:/Program Files/Unity/Hub/Editor/6000.3.11f1/Editor/Data/Resources/UnitySubsystems
[Subsystems] Discovering subsystems at path C:/Users/crist/OneDrive/Documentos/GitHub/endless-runner/Assets
GfxDevice: creating device client; kGfxThreadingModeNonThreaded
Direct3D:
    Version:  Direct3D 11.0 [level 11.1]
    Renderer: NVIDIA GeForce RTX 2050 (ID=0x25ad)
    Vendor:   NVIDIA
    VRAM:     3964 MB
    Driver:   32.0.15.8183
Initialize mono
Mono path[0] = 'C:/Program Files/Unity/Hub/Editor/6000.3.11f1/Editor/Data/Managed'
Mono path[1] = 'C:/Program Files/Unity/Hub/Editor/6000.3.11f1/Editor/Data/MonoBleedingEdge/lib/mono/unityjit-win32'
Mono config path = 'C:/Program Files/Unity/Hub/Editor/6000.3.11f1/Editor/Data/MonoBleedingEdge/etc'
Using monoOptions --debugger-agent=transport=dt_socket,embedding=1,server=y,suspend=n,address=127.0.0.1:56588
Begin MonoManager ReloadAssembly
Registering precompiled unity dll's ...
Register platform support module: C:/Program Files/Unity/Hub/Editor/6000.3.11f1/Editor/Data/PlaybackEngines/WebGLSupport/UnityEditor.WebGL.Extensions.dll
Register platform support module: C:/Program Files/Unity/Hub/Editor/6000.3.11f1/Editor/Data/PlaybackEngines/WindowsStandaloneSupport/UnityEditor.WindowsStandalone.Extensions.dll
Registered in 0.010463 seconds.
- Loaded All Assemblies, in  1.347 seconds
Native extension for WindowsStandalone target not found
Native extension for WebGL target not found
Package Manager log level set to [2]
[Package Manager] Failed to launch server process. Reason: Unity was launched with the -noUpm command-line argument
[Package Manager] Unable to send message (not connected to server process).
[Package Manager] Cannot connect to Unity Package Manager local server
ScheduleIndexationOnStartup MainProcess:False IndexOnStartup:True
Mono: successfully reloaded assembly
- Finished resetting the current domain, in  1.350 seconds
Domain Reload Profiling: 2690ms
	BeginReloadAssembly (504ms)
		ExecutionOrderSort (0ms)
		DisableScriptedObjects (0ms)
		BackupInstance (0ms)
		ReleaseScriptingObjects (0ms)
		CreateAndSetChildDomain (6ms)
	RebuildCommonClasses (132ms)
	RebuildNativeTypeToScriptingClass (26ms)
	initialDomainReloadingComplete (143ms)
	LoadAllAssembliesAndSetupDomain (534ms)
		LoadAssemblies (488ms)
		RebuildTransferFunctionScriptingTraits (0ms)
		AnalyzeDomain (524ms)
			TypeCache.Refresh (519ms)
				TypeCache.ScanAssembly (464ms)
			BuildScriptInfoCaches (1ms)
			ResolveRequiredComponents (1ms)
	FinalizeReload (1351ms)
		ReleaseScriptCaches (0ms)
		RebuildScriptCaches (0ms)
		SetupLoadedEditorAssemblies (1156ms)
			LogAssemblyErrors (0ms)
			InitializePlatformSupportModulesInManaged (199ms)
			SetLoadedEditorAssemblies (9ms)
			BeforeProcessingInitializeOnLoad (256ms)
			ProcessInitializeOnLoadAttributes (459ms)
			ProcessInitializeOnLoadMethodAttributes (232ms)
			AfterProcessingInitializeOnLoad (0ms)
			EditorAssembliesLoaded (1ms)
		ExecutionOrderSort2 (0ms)
		AwakeInstancesAfterBackupRestoration (0ms)
Assembly reference Packages/com.unity.cinemachine/Editor/Samples/ExposeHDRPInternals/HDRP-Editor-ref.asmref has no target assembly definition
========================================================================
Worker process is ready to serve import requests
Import Worker Mode flag is 0x00
[Licensing::Client] Error: HandshakeResponse reported an error:
	ResponseCode: 505
	ResponseStatus: Unsupported protocol version '1.18.0'.
[Licensing::Module] Error: Failed to handshake to channel: "LicenseClient-crist"
[Licensing::IpcConnector] LicenseClient-crist channel disconnected successfully.
[Licensing::IpcConnector] Successfully connected to: "LicenseClient-crist-6000.3.11" at "2026-03-30T13:26:44.0071164Z"
Assembly reference Packages/com.unity.cinemachine/Editor/Samples/ExposeHDRPInternals/HDRP-Editor-ref.asmref has no target assembly definition
[Licensing::Client] Handshaking with LicensingClient:
  Version:                 1.18.0+23225a6
  Session Id:              9ee6bfb6041b4b3c9fbd5d7905bc73d5
  Correlation Id:          2753272ef22ae05cda15fc2e7f465d33
  External correlation Id: 6936076202523618308
  Machine Id:              ASD46pzRgqmdE12JQAPYJBfoMCg=
[Licensing::Module] Successfully connected to LicensingClient on channel: "LicenseClient-crist-6000.3.11" (connect: 0.07s, validation: 0.02s, handshake: 0.27s)
[Licensing::IpcConnector] Successfully connected to: "LicenseClient-crist-6000.3.11-notifications" at "2026-03-30T13:26:44.3019858Z"
[Licensing::Module] Licensing Background thread has ended after 5.46s
Assembly reference Packages/com.unity.cinemachine/Editor/Samples/ExposeHDRPInternals/HDRP-Editor-ref.asmref has no target assembly definition
Begin MonoManager ReloadAssembly
[Licensing::Client] Successfully resolved entitlement details
[Licensing::Module] License group:
  Id: 4674170343135-UnityPersXXXX
  Product: Unity Personal
  Type: Assigned
  Expiration: Unlimited
- Loaded All Assemblies, in  2.582 seconds
Assembly reference Packages/com.unity.cinemachine/Editor/Samples/ExposeHDRPInternals/HDRP-Editor-ref.asmref has no target assembly definition
'Packages/com.unity.cinemachine/Editor/Obsolete/CinemachineVirtualCameraBaseEditor.cs' contains partial class of Unity.Object, exactly 1 of the partial classes needs to be in a file with the same filename. This is to know the one that can be referenced from ie. GameObjects
'Packages/com.unity.cinemachine/Editor/Editors/CinemachineVirtualCameraBaseEditor.cs' contains partial class of Unity.Object, exactly 1 of the partial classes needs to be in a file with the same filename. This is to know the one that can be referenced from ie. GameObjects
Refreshing native plugins compatible for Editor in 7.43 ms, found 4 plugins.
Native extension for WindowsStandalone target not found
Native extension for WebGL target not found
Assembly reference Packages/com.unity.cinemachine/Editor/Samples/ExposeHDRPInternals/HDRP-Editor-ref.asmref has no target assembly definition
[Package Manager] Failed to launch server process. Reason: Unity was launched with the -noUpm command-line argument
[Package Manager] Unable to send message (not connected to server process).
[Package Manager] Cannot connect to Unity Package Manager local server
[Package Manager] Failed to launch server process. Reason: Unity was launched with the -noUpm command-line argument
[Package Manager] Unable to send message (not connected to server process).
[Package Manager] Cannot connect to Unity Package Manager local server
[Package Manager] Failed to launch server process. Reason: Unity was launched with the -noUpm command-line argument
[Package Manager] Unable to send message (not connected to server process).
[Package Manager] Cannot connect to Unity Package Manager local server
ScheduleIndexationOnStartup MainProcess:False IndexOnStartup:True
Mono: successfully reloaded assembly
- Finished resetting the current domain, in  1.514 seconds
Domain Reload Profiling: 4057ms
	BeginReloadAssembly (383ms)
		ExecutionOrderSort (0ms)
		DisableScriptedObjects (17ms)
		BackupInstance (0ms)
		ReleaseScriptingObjects (0ms)
		CreateAndSetChildDomain (53ms)
	RebuildCommonClasses (54ms)
	RebuildNativeTypeToScriptingClass (17ms)
	initialDomainReloadingComplete (75ms)
	LoadAllAssembliesAndSetupDomain (2014ms)
		LoadAssemblies (1094ms)
		RebuildTransferFunctionScriptingTraits (0ms)
		AnalyzeDomain (1141ms)
			TypeCache.Refresh (807ms)
				TypeCache.ScanAssembly (738ms)
			BuildScriptInfoCaches (303ms)
			ResolveRequiredComponents (21ms)
	FinalizeReload (1514ms)
		ReleaseScriptCaches (0ms)
		RebuildScriptCaches (0ms)
		SetupLoadedEditorAssemblies (1014ms)
			LogAssemblyErrors (0ms)
			InitializePlatformSupportModulesInManaged (4ms)
			SetLoadedEditorAssemblies (9ms)
			BeforeProcessingInitializeOnLoad (255ms)
			ProcessInitializeOnLoadAttributes (611ms)
			ProcessInitializeOnLoadMethodAttributes (125ms)
			AfterProcessingInitializeOnLoad (9ms)
			EditorAssembliesLoaded (0ms)
		ExecutionOrderSort2 (0ms)
		AwakeInstancesAfterBackupRestoration (11ms)
Launched and connected shader compiler UnityShaderCompiler.exe after 0.02 seconds
Refreshing native plugins compatible for Editor in 3.34 ms, found 4 plugins.
Preloading 0 native plugins for Editor in 0.00 ms.
Unloading 17 Unused Serialized files (Serialized files now loaded: 0)
Unloading 7693 unused Assets / (6.7 MB). Loaded Objects now: 8525.
Memory consumption went from 161.4 MB to 154.7 MB.
Total: 46.508300 ms (FindLiveObjects: 4.445900 ms CreateObjectMapping: 2.966000 ms MarkObjects: 26.023600 ms  DeleteObjects: 13.069800 ms)

========================================================================
Received Import Request.
  Time since last request: 5109.936767 seconds.
  path: Assets/Character/Player/raptor/spritesheets/1x/raptor-ready-pounce.png
  artifactKey: Guid(626b9994b3aaa10438d1f52efa3e1553) Importer(815301076,1909f56bfc062723c751e8b465ee728b)
Start importing Assets/Character/Player/raptor/spritesheets/1x/raptor-ready-pounce.png using Guid(626b9994b3aaa10438d1f52efa3e1553) Importer(815301076,1909f56bfc062723c751e8b465ee728b) (PreviewImporter) -> (artifact id: '71cf4362c7ef342c51b6c19700b78200') in 0.5394458 seconds
Number of updated asset objects reloaded before import = 0Number of asset objects unloaded after import = 4

========================================================================
Received Import Request.
  Time since last request: 0.000049 seconds.
  path: Assets/Character/Player/raptor/spritesheets/1x/raptor-jump.png
  artifactKey: Guid(94d21a56f60eb5047aa7f04ede51c94f) Importer(815301076,1909f56bfc062723c751e8b465ee728b)
Start importing Assets/Character/Player/raptor/spritesheets/1x/raptor-jump.png using Guid(94d21a56f60eb5047aa7f04ede51c94f) Importer(815301076,1909f56bfc062723c751e8b465ee728b) (PreviewImporter) -> (artifact id: '2f1d9e74f5f58b5a95d76c4bf9b1cfa2') in 0.035443 seconds
Number of updated asset objects reloaded before import = 0Number of asset objects unloaded after import = 3

========================================================================
Received Import Request.
  Time since last request: 0.972993 seconds.
  path: Assets/Character/Player/raptor/spritesheets/2x/raptor-falling.png
  artifactKey: Guid(b43bfb96c2c6f2b4e9a5792a8d08b710) Importer(815301076,1909f56bfc062723c751e8b465ee728b)
Start importing Assets/Character/Player/raptor/spritesheets/2x/raptor-falling.png using Guid(b43bfb96c2c6f2b4e9a5792a8d08b710) Importer(815301076,1909f56bfc062723c751e8b465ee728b) (PreviewImporter) -> (artifact id: '017e54cef010f14a4c25f27c12159367') in 0.0400759 seconds
Number of updated asset objects reloaded before import = 0Number of asset objects unloaded after import = 3

========================================================================
Received Import Request.
  Time since last request: 0.000044 seconds.
  path: Assets/Character/Player/raptor/spritesheets/2x/raptor-pounced-attack.png
  artifactKey: Guid(06fe646c24c06f54a914d2ce520f2d38) Importer(815301076,1909f56bfc062723c751e8b465ee728b)
Start importing Assets/Character/Player/raptor/spritesheets/2x/raptor-pounced-attack.png using Guid(06fe646c24c06f54a914d2ce520f2d38) Importer(815301076,1909f56bfc062723c751e8b465ee728b) (PreviewImporter) -> (artifact id: 'ed26aa07b56602fa84eeae8083eece35') in 0.0665326 seconds
Number of updated asset objects reloaded before import = 0Number of asset objects unloaded after import = 10

========================================================================
Received Import Request.
  Time since last request: 0.000049 seconds.
  path: Assets/Character/Player/raptor/spritesheets/2x/raptor-roar.png
  artifactKey: Guid(124ee3c7b62924c4b9ee4fd3b9fcc598) Importer(815301076,1909f56bfc062723c751e8b465ee728b)
Start importing Assets/Character/Player/raptor/spritesheets/2x/raptor-roar.png using Guid(124ee3c7b62924c4b9ee4fd3b9fcc598) Importer(815301076,1909f56bfc062723c751e8b465ee728b) (PreviewImporter) -> (artifact id: '2744daa9b3a92889d33002e8f2c563c2') in 0.0995491 seconds
Number of updated asset objects reloaded before import = 0Number of asset objects unloaded after import = 18

========================================================================
Received Import Request.
  Time since last request: 405.518961 seconds.
  path: Assets/Character/Player/Animations/Animation_raptor_run.anim
  artifactKey: Guid(0879c1d83df619143b857c298075e38b) Importer(2089858483,b0f066a214c2f5e87bad3c948f4d605d)
Start importing Assets/Character/Player/Animations/Animation_raptor_run.anim using Guid(0879c1d83df619143b857c298075e38b) Importer(2089858483,b0f066a214c2f5e87bad3c948f4d605d) (ScriptedImporter) -> (artifact id: '94435d0ba243e4e459ef10a3b48b0cbf') in 0.8416499 seconds
Number of updated asset objects reloaded before import = 0Number of asset objects unloaded after import = 1

========================================================================
Received Import Request.
  Time since last request: 12.168795 seconds.
  path: Assets/Character/Player/Animations
  artifactKey: Guid(3e5d6ffc7c1899b449f17aae384e0eb3) Importer(815301076,1909f56bfc062723c751e8b465ee728b)
Start importing Assets/Character/Player/Animations using Guid(3e5d6ffc7c1899b449f17aae384e0eb3) Importer(815301076,1909f56bfc062723c751e8b465ee728b) (PreviewImporter) -> (artifact id: 'c50e8dd14ded32f9ff05991a3a54253c') in 0.0020334 seconds
Number of updated asset objects reloaded before import = 0Number of asset objects unloaded after import = 0

========================================================================
Received Import Request.
  Time since last request: 202.681679 seconds.
  path: Assets/Character/Player/Animations/Animation_raptor_dead.anim
  artifactKey: Guid(a8bb0f6a7d351d442980c7d36a566a41) Importer(2089858483,b0f066a214c2f5e87bad3c948f4d605d)
Start importing Assets/Character/Player/Animations/Animation_raptor_dead.anim using Guid(a8bb0f6a7d351d442980c7d36a566a41) Importer(2089858483,b0f066a214c2f5e87bad3c948f4d605d) (ScriptedImporter) -> (artifact id: '9e2ae6ce8a0c0313eeb9157a211f3c0e') in 0.0282116 seconds
Number of updated asset objects reloaded before import = 0Number of asset objects unloaded after import = 1

========================================================================
Received Import Request.
  Time since last request: 257.829647 seconds.
  path: Assets/Scripts/Core
  artifactKey: Guid(22415b0b323d44ef59e4bb108e1718f7) Importer(815301076,1909f56bfc062723c751e8b465ee728b)
Start importing Assets/Scripts/Core using Guid(22415b0b323d44ef59e4bb108e1718f7) Importer(815301076,1909f56bfc062723c751e8b465ee728b) (PreviewImporter) -> (artifact id: '4f755e661c568b44b9c9a6d139800a01') in 0.0015868 seconds
Number of updated asset objects reloaded before import = 0Number of asset objects unloaded after import = 0

========================================================================
Received Import Request.
  Time since last request: 3.635835 seconds.
  path: Assets/Scripts/Gameplay
  artifactKey: Guid(0bba7187774c442d68b0d24091d186a8) Importer(815301076,1909f56bfc062723c751e8b465ee728b)
Start importing Assets/Scripts/Gameplay using Guid(0bba7187774c442d68b0d24091d186a8) Importer(815301076,1909f56bfc062723c751e8b465ee728b) (PreviewImporter) -> (artifact id: '8e0511951b7955492631e50b56a149a0') in 0.001255 seconds
Number of updated asset objects reloaded before import = 0Number of asset objects unloaded after import = 0

========================================================================
Received Import Request.
  Time since last request: 2.557792 seconds.
  path: Assets/Scripts/Mechanics
  artifactKey: Guid(c827018a687f34a0296c5c7fdb8b9590) Importer(815301076,1909f56bfc062723c751e8b465ee728b)
Start importing Assets/Scripts/Mechanics using Guid(c827018a687f34a0296c5c7fdb8b9590) Importer(815301076,1909f56bfc062723c751e8b465ee728b) (PreviewImporter) -> (artifact id: '66d409e2866c6ad6d80f89a0487f8bc5') in 0.0032637 seconds
Number of updated asset objects reloaded before import = 0Number of asset objects unloaded after import = 0

========================================================================
Received Import Request.
  Time since last request: 4.447938 seconds.
  path: Assets/Scripts/UI
  artifactKey: Guid(f8cbf6f01320246279a76711f9257948) Importer(815301076,1909f56bfc062723c751e8b465ee728b)
Start importing Assets/Scripts/UI using Guid(f8cbf6f01320246279a76711f9257948) Importer(815301076,1909f56bfc062723c751e8b465ee728b) (PreviewImporter) -> (artifact id: 'a00026a88cc214aaef6a896b8490e3ea') in 0.0027265 seconds
Number of updated asset objects reloaded before import = 0Number of asset objects unloaded after import = 0

========================================================================
Received Import Request.
  Time since last request: 2.475289 seconds.
  path: Assets/Scripts/View
  artifactKey: Guid(bc0b9c50d6be4455fab7f1f0fb803632) Importer(815301076,1909f56bfc062723c751e8b465ee728b)
Start importing Assets/Scripts/View using Guid(bc0b9c50d6be4455fab7f1f0fb803632) Importer(815301076,1909f56bfc062723c751e8b465ee728b) (PreviewImporter) -> (artifact id: 'c65d3e7e6a1b3b9981d6d190cf7d78c9') in 0.0011124 seconds
Number of updated asset objects reloaded before import = 0Number of asset objects unloaded after import = 0

========================================================================
Received Import Request.
  Time since last request: 31.596246 seconds.
  path: Assets/Scripts/Gameplay/PlayerEnteredVictoryZone.cs
  artifactKey: Guid(7f69543bd2f704ed8a7a45ae002f648c) Importer(815301076,1909f56bfc062723c751e8b465ee728b)
Start importing Assets/Scripts/Gameplay/PlayerEnteredVictoryZone.cs using Guid(7f69543bd2f704ed8a7a45ae002f648c) Importer(815301076,1909f56bfc062723c751e8b465ee728b) (PreviewImporter) -> (artifact id: '60fb419bf4a5eec1aaa7d0cfdbc26911') in 0.0024711 seconds
Number of updated asset objects reloaded before import = 0Number of asset objects unloaded after import = 0

========================================================================
Received Import Request.
  Time since last request: 64.629723 seconds.
  path: Assets/Scripts/Mechanics/PlayerController.cs
  artifactKey: Guid(709ee11994a2f44658e5fc9887c45081) Importer(815301076,1909f56bfc062723c751e8b465ee728b)
Start importing Assets/Scripts/Mechanics/PlayerController.cs using Guid(709ee11994a2f44658e5fc9887c45081) Importer(815301076,1909f56bfc062723c751e8b465ee728b) (PreviewImporter) -> (artifact id: '14512e4ab32873121a7606da46ae1815') in 0.0027437 seconds
Number of updated asset objects reloaded before import = 0Number of asset objects unloaded after import = 0

========================================================================
Received Import Request.
  Time since last request: 67.457959 seconds.
  path: Assets
  artifactKey: Guid(00000000000000001000000000000000) Importer(815301076,1909f56bfc062723c751e8b465ee728b)
Start importing Assets using Guid(00000000000000001000000000000000) Importer(815301076,1909f56bfc062723c751e8b465ee728b) (PreviewImporter) -> (artifact id: 'c391582d739b6e62a5220f35cbb167ac') in 0.0012289 seconds
Number of updated asset objects reloaded before import = 0Number of asset objects unloaded after import = 0

========================================================================
Received Import Request.
  Time since last request: 62.178339 seconds.
  path: Assets/Raptor.overrideController
  artifactKey: Guid(fae6c9ec856e2de4aa2af1b2d7ff7f9d) Importer(815301076,1909f56bfc062723c751e8b465ee728b)
Start importing Assets/Raptor.overrideController using Guid(fae6c9ec856e2de4aa2af1b2d7ff7f9d) Importer(815301076,1909f56bfc062723c751e8b465ee728b) (PreviewImporter) -> (artifact id: '918572f36a59a8d3fd366a3931779f48') in 0.0391366 seconds
Number of updated asset objects reloaded before import = 0Number of asset objects unloaded after import = 1

========================================================================
Received Import Request.
  Time since last request: 0.887601 seconds.
  path: Assets/Raptor.overrideController
  artifactKey: Guid(fae6c9ec856e2de4aa2af1b2d7ff7f9d) Importer(2089858483,b0f066a214c2f5e87bad3c948f4d605d)
Start importing Assets/Raptor.overrideController using Guid(fae6c9ec856e2de4aa2af1b2d7ff7f9d) Importer(2089858483,b0f066a214c2f5e87bad3c948f4d605d) (ScriptedImporter) -> (artifact id: 'c3fc77adf58fca5e840525897b158ed4') in 0.0666224 seconds
Number of updated asset objects reloaded before import = 0Number of asset objects unloaded after import = 1

========================================================================
Received Import Request.
  Time since last request: 621.718442 seconds.
  path: Assets/Character/Player/Animations/Animation_raptor_jump.anim
  artifactKey: Guid(0a1122c14b2cf1440bdb11513ea48219) Importer(2089858483,b0f066a214c2f5e87bad3c948f4d605d)
Start importing Assets/Character/Player/Animations/Animation_raptor_jump.anim using Guid(0a1122c14b2cf1440bdb11513ea48219) Importer(2089858483,b0f066a214c2f5e87bad3c948f4d605d) (ScriptedImporter) -> (artifact id: '492082418546322eb220bb293d27d90c') in 0.1941301 seconds
Number of updated asset objects reloaded before import = 0Number of asset objects unloaded after import = 1

========================================================================
Received Import Request.
  Time since last request: 141.571992 seconds.
  path: Assets/Character/Player/Animations/si.controller
  artifactKey: Guid(ffa3b09f1745fc64397264d6fa5c5618) Importer(815301076,1909f56bfc062723c751e8b465ee728b)
Start importing Assets/Character/Player/Animations/si.controller using Guid(ffa3b09f1745fc64397264d6fa5c5618) Importer(815301076,1909f56bfc062723c751e8b465ee728b) (PreviewImporter) -> (artifact id: 'f0714e7f8f7945470e8125be6c1d4629') in 0.1320006 seconds
Number of updated asset objects reloaded before import = 0Number of asset objects unloaded after import = 1

========================================================================
Received Import Request.
  Time since last request: 3.007155 seconds.
  path: Assets/Character/Player/Animations/Animation_raptor_run.anim
  artifactKey: Guid(0879c1d83df619143b857c298075e38b) Importer(815301076,1909f56bfc062723c751e8b465ee728b)
Start importing Assets/Character/Player/Animations/Animation_raptor_run.anim using Guid(0879c1d83df619143b857c298075e38b) Importer(815301076,1909f56bfc062723c751e8b465ee728b) (PreviewImporter) -> (artifact id: '069a9e5afb0ad12d6c7c9f12482d75f0') in 0.0259048 seconds
Number of updated asset objects reloaded before import = 0Number of asset objects unloaded after import = 1

========================================================================
Received Import Request.
  Time since last request: 2.220004 seconds.
  path: Assets/Character/Player/Animations/raptor-dead_0.controller
  artifactKey: Guid(0b27f5b74eef9154dafcba2d7a572bdc) Importer(815301076,1909f56bfc062723c751e8b465ee728b)
Start importing Assets/Character/Player/Animations/raptor-dead_0.controller using Guid(0b27f5b74eef9154dafcba2d7a572bdc) Importer(815301076,1909f56bfc062723c751e8b465ee728b) (PreviewImporter) -> (artifact id: '0365821d4ad87c332f106f126027ee93') in 0.0179066 seconds
Number of updated asset objects reloaded before import = 0Number of asset objects unloaded after import = 1

========================================================================
Received Import Request.
  Time since last request: 4.295951 seconds.
  path: Assets/Character/Player/Animations/Animation_raptor_jump.anim
  artifactKey: Guid(0a1122c14b2cf1440bdb11513ea48219) Importer(815301076,1909f56bfc062723c751e8b465ee728b)
Start importing Assets/Character/Player/Animations/Animation_raptor_jump.anim using Guid(0a1122c14b2cf1440bdb11513ea48219) Importer(815301076,1909f56bfc062723c751e8b465ee728b) (PreviewImporter) -> (artifact id: '70c7b076e5eea421674ddd577c74a64a') in 0.004002 seconds
Number of updated asset objects reloaded before import = 0Number of asset objects unloaded after import = 1

