[Licensing::Module] Trying to connect to existing licensing client channel...
Built from '6000.3/staging' branch; Version is '6000.3.11f1 (3000ef702840) revision 3145967'; Using compiler version '194234433'; Build Type 'Release'
OS: 'Windows 11  (10.0.26200) CoreSingleLanguage' Language: 'es' Physical Memory: 7381 MB
BatchMode: 1, IsHumanControllingUs: 0, StartBugReporterOnCrash: 0, Is64bit: 1
System  architecture: x64
Process architecture: x64
Date: 2026-03-30T12:55:40Z
[Licensing::IpcConnector] Successfully connected to: "LicenseClient-crist" at "2026-03-30T12:55:40.5546353Z"

COMMAND LINE ARGUMENTS:
C:\Program Files\Unity\Hub\Editor\6000.3.11f1\Editor\Unity.exe
-adb2
-batchMode
-noUpm
-name
AssetImportWorker7
-projectPath
C:/Users/crist/OneDrive/Documentos/GitHub/endless-runner
-logFile
Logs/AssetImportWorker7.log
-srvPort
63395
-licensingIpc
LicenseClient-crist
-job-worker-count
5
-background-job-worker-count
8
-gc-helper-count
1
-name
AssetImport
Successfully changed project path to: C:/Users/crist/OneDrive/Documentos/GitHub/endless-runner
C:/Users/crist/OneDrive/Documentos/GitHub/endless-runner
[UnityMemory] Configuration Parameters - Can be set up in boot.config
    "memorysetup-temp-allocator-size-nav-mesh-worker=65536"
    "memorysetup-temp-allocator-size-audio-worker=65536"
    "memorysetup-temp-allocator-size-gfx=262144"
    "memorysetup-allocator-temp-initial-block-size-main=262144"
    "memorysetup-allocator-temp-initial-block-size-worker=262144"
    "memorysetup-temp-allocator-size-background-worker=32768"
    "memorysetup-temp-allocator-size-job-worker=262144"
    "memorysetup-temp-allocator-size-preload-manager=33554432"
    "memorysetup-temp-allocator-size-gi-baking-worker=262144"
    "memorysetup-temp-allocator-size-gi-baking-worker=262144"
    "memorysetup-temp-allocator-size-gi-baking-worker=262144"
    "memorysetup-temp-allocator-size-gi-baking-worker=262144"
    "memorysetup-temp-allocator-size-gi-baking-worker=262144"
    "memorysetup-bucket-allocator-granularity=16"
    "memorysetup-bucket-allocator-bucket-count=8"
    "memorysetup-bucket-allocator-block-size=33554432"
    "memorysetup-bucket-allocator-block-count=8"
    "memorysetup-main-allocator-block-size=16777216"
    "memorysetup-thread-allocator-block-size=16777216"
    "memorysetup-gfx-main-allocator-block-size=16777216"
    "memorysetup-gfx-thread-allocator-block-size=16777216"
    "memorysetup-cache-allocator-block-size=4194304"
    "memorysetup-typetree-allocator-block-size=2097152"
    "memorysetup-profiler-bucket-allocator-granularity=16"
    "memorysetup-profiler-bucket-allocator-bucket-count=8"
    "memorysetup-profiler-bucket-allocator-block-size=33554432"
    "memorysetup-profiler-bucket-allocator-block-count=8"
    "memorysetup-profiler-allocator-block-size=16777216"
    "memorysetup-profiler-editor-allocator-block-size=1048576"
    "memorysetup-temp-allocator-size-main=16777216"
    "memorysetup-job-temp-allocator-block-size=2097152"
    "memorysetup-job-temp-allocator-block-size-background=1048576"
    "memorysetup-job-temp-allocator-reduction-small-platforms=262144"
    "memorysetup-temp-allocator-size-cloud-worker=32768"
Player connection [25084]  Target information:

Player connection [25084]  * "[IP] 192.168.56.1 [Port] 0 [Flags] 2 [Guid] 420128558 [EditorId] 420128558 [Version] 1048832 [Id] WindowsEditor(7,LAPTOP-QKGJJ9E6) [Debug] 1 [PackageName] WindowsEditor [ProjectName] Editor" 

Player connection [25084]  * "[IP] 10.244.114.80 [Port] 0 [Flags] 2 [Guid] 420128558 [EditorId] 420128558 [Version] 1048832 [Id] WindowsEditor(7,LAPTOP-QKGJJ9E6) [Debug] 1 [PackageName] WindowsEditor [ProjectName] Editor" 

Player connection [25084] Host joined multi-casting on [225.0.0.222:54997]...
Player connection [25084] Host joined alternative multi-casting on [225.0.0.222:34997]...
JobSystem: Creating JobQueue using job-worker-count value 5
Input System module state changed to: Initialized.
[Physics::Module] Initialized fallback backend.
[Physics::Module] Id: 0xdecafbad
Library Redirect Path: Library/
[Physics::Module] Selected backend.
[Physics::Module] Name: PhysX
[Physics::Module] Id: 0xf2b8ea05
[Physics::Module] SDK Version: 4.1.2
[Physics::Module] Integration Version: 1.0.0
[Physics::Module] Threading Mode: Multi-Threaded
Refreshing native plugins compatible for Editor in 10.82 ms, found 4 plugins.
Preloading 0 native plugins for Editor in 0.00 ms.
Initialize engine version: 6000.3.11f1 (3000ef702840)
[Subsystems] Discovering subsystems at path C:/Program Files/Unity/Hub/Editor/6000.3.11f1/Editor/Data/Resources/UnitySubsystems
[Subsystems] Discovering subsystems at path C:/Users/crist/OneDrive/Documentos/GitHub/endless-runner/Assets
GfxDevice: creating device client; kGfxThreadingModeNonThreaded
Direct3D:
    Version:  Direct3D 11.0 [level 11.1]
    Renderer: NVIDIA GeForce RTX 2050 (ID=0x25ad)
    Vendor:   NVIDIA
    VRAM:     3964 MB
    Driver:   32.0.15.8183
Initialize mono
Mono path[0] = 'C:/Program Files/Unity/Hub/Editor/6000.3.11f1/Editor/Data/Managed'
Mono path[1] = 'C:/Program Files/Unity/Hub/Editor/6000.3.11f1/Editor/Data/MonoBleedingEdge/lib/mono/unityjit-win32'
Mono config path = 'C:/Program Files/Unity/Hub/Editor/6000.3.11f1/Editor/Data/MonoBleedingEdge/etc'
Using monoOptions --debugger-agent=transport=dt_socket,embedding=1,server=y,suspend=n,address=127.0.0.1:56396
Begin MonoManager ReloadAssembly
Registering precompiled unity dll's ...
Register platform support module: C:/Program Files/Unity/Hub/Editor/6000.3.11f1/Editor/Data/PlaybackEngines/WebGLSupport/UnityEditor.WebGL.Extensions.dll
Register platform support module: C:/Program Files/Unity/Hub/Editor/6000.3.11f1/Editor/Data/PlaybackEngines/WindowsStandaloneSupport/UnityEditor.WindowsStandalone.Extensions.dll
Registered in 0.025745 seconds.
- Loaded All Assemblies, in  2.261 seconds
Native extension for WindowsStandalone target not found
Native extension for WebGL target not found
Package Manager log level set to [2]
[Package Manager] Failed to launch server process. Reason: Unity was launched with the -noUpm command-line argument
[Package Manager] Unable to send message (not connected to server process).
[Package Manager] Cannot connect to Unity Package Manager local server
ScheduleIndexationOnStartup MainProcess:False IndexOnStartup:True
Mono: successfully reloaded assembly
- Finished resetting the current domain, in  1.440 seconds
Domain Reload Profiling: 3692ms
	BeginReloadAssembly (501ms)
		ExecutionOrderSort (0ms)
		DisableScriptedObjects (0ms)
		BackupInstance (0ms)
		ReleaseScriptingObjects (0ms)
		CreateAndSetChildDomain (10ms)
	RebuildCommonClasses (187ms)
	RebuildNativeTypeToScriptingClass (55ms)
	initialDomainReloadingComplete (404ms)
	LoadAllAssembliesAndSetupDomain (1104ms)
		LoadAssemblies (489ms)
		RebuildTransferFunctionScriptingTraits (0ms)
		AnalyzeDomain (1029ms)
			TypeCache.Refresh (1025ms)
				TypeCache.ScanAssembly (946ms)
			BuildScriptInfoCaches (0ms)
			ResolveRequiredComponents (1ms)
	FinalizeReload (1441ms)
		ReleaseScriptCaches (0ms)
		RebuildScriptCaches (0ms)
		SetupLoadedEditorAssemblies (1270ms)
			LogAssemblyErrors (0ms)
			InitializePlatformSupportModulesInManaged (219ms)
			SetLoadedEditorAssemblies (21ms)
			BeforeProcessingInitializeOnLoad (322ms)
			ProcessInitializeOnLoadAttributes (501ms)
			ProcessInitializeOnLoadMethodAttributes (206ms)
			AfterProcessingInitializeOnLoad (0ms)
			EditorAssembliesLoaded (0ms)
		ExecutionOrderSort2 (0ms)
		AwakeInstancesAfterBackupRestoration (0ms)
Assembly reference Packages/com.unity.cinemachine/Editor/Samples/ExposeHDRPInternals/HDRP-Editor-ref.asmref has no target assembly definition
[Licensing::Client] Error: HandshakeResponse reported an error:
	ResponseCode: 505
	ResponseStatus: Unsupported protocol version '1.18.0'.
[Licensing::Module] Error: Failed to handshake to channel: "LicenseClient-crist"
[Licensing::IpcConnector] LicenseClient-crist channel disconnected successfully.
[Licensing::IpcConnector] Successfully connected to: "LicenseClient-crist-6000.3.11" at "2026-03-30T12:55:47.2725884Z"
========================================================================
Worker process is ready to serve import requests
Import Worker Mode flag is 0x00
Assembly reference Packages/com.unity.cinemachine/Editor/Samples/ExposeHDRPInternals/HDRP-Editor-ref.asmref has no target assembly definition
[Licensing::Client] Handshaking with LicensingClient:
  Version:                 1.18.0+23225a6
  Session Id:              74460ef5d71441bab929b390b624df60
  Correlation Id:          2753272ef22ae05cda15fc2e7f465d33
  External correlation Id: 4986487587908862254
  Machine Id:              ASD46pzRgqmdE12JQAPYJBfoMCg=
[Licensing::Module] Successfully connected to LicensingClient on channel: "LicenseClient-crist-6000.3.11" (connect: 0.00s, validation: 0.00s, handshake: 0.30s)
[Licensing::IpcConnector] Successfully connected to: "LicenseClient-crist-6000.3.11-notifications" at "2026-03-30T12:55:47.5775977Z"
[Licensing::Module] Licensing Background thread has ended after 7.04s
Assembly reference Packages/com.unity.cinemachine/Editor/Samples/ExposeHDRPInternals/HDRP-Editor-ref.asmref has no target assembly definition
Begin MonoManager ReloadAssembly
[Licensing::Client] Successfully resolved entitlement details
[Licensing::Module] License group:
  Id: 4674170343135-UnityPersXXXX
  Product: Unity Personal
  Type: Assigned
  Expiration: Unlimited
- Loaded All Assemblies, in  3.240 seconds
Assembly reference Packages/com.unity.cinemachine/Editor/Samples/ExposeHDRPInternals/HDRP-Editor-ref.asmref has no target assembly definition
'Packages/com.unity.cinemachine/Editor/Obsolete/CinemachineVirtualCameraBaseEditor.cs' contains partial class of Unity.Object, exactly 1 of the partial classes needs to be in a file with the same filename. This is to know the one that can be referenced from ie. GameObjects
'Packages/com.unity.cinemachine/Editor/Editors/CinemachineVirtualCameraBaseEditor.cs' contains partial class of Unity.Object, exactly 1 of the partial classes needs to be in a file with the same filename. This is to know the one that can be referenced from ie. GameObjects
Refreshing native plugins compatible for Editor in 2.49 ms, found 4 plugins.
Native extension for WindowsStandalone target not found
Native extension for WebGL target not found
Assembly reference Packages/com.unity.cinemachine/Editor/Samples/ExposeHDRPInternals/HDRP-Editor-ref.asmref has no target assembly definition
[Package Manager] Failed to launch server process. Reason: Unity was launched with the -noUpm command-line argument
[Package Manager] Unable to send message (not connected to server process).
[Package Manager] Cannot connect to Unity Package Manager local server
[Package Manager] Failed to launch server process. Reason: Unity was launched with the -noUpm command-line argument
[Package Manager] Unable to send message (not connected to server process).
[Package Manager] Cannot connect to Unity Package Manager local server
[Package Manager] Failed to launch server process. Reason: Unity was launched with the -noUpm command-line argument
[Package Manager] Unable to send message (not connected to server process).
[Package Manager] Cannot connect to Unity Package Manager local server
ScheduleIndexationOnStartup MainProcess:False IndexOnStartup:True
Mono: successfully reloaded assembly
- Finished resetting the current domain, in  2.644 seconds
Domain Reload Profiling: 5870ms
	BeginReloadAssembly (602ms)
		ExecutionOrderSort (0ms)
		DisableScriptedObjects (26ms)
		BackupInstance (0ms)
		ReleaseScriptingObjects (0ms)
		CreateAndSetChildDomain (94ms)
	RebuildCommonClasses (120ms)
	RebuildNativeTypeToScriptingClass (37ms)
	initialDomainReloadingComplete (93ms)
	LoadAllAssembliesAndSetupDomain (2373ms)
		LoadAssemblies (1339ms)
		RebuildTransferFunctionScriptingTraits (0ms)
		AnalyzeDomain (1346ms)
			TypeCache.Refresh (1012ms)
				TypeCache.ScanAssembly (958ms)
			BuildScriptInfoCaches (263ms)
			ResolveRequiredComponents (54ms)
	FinalizeReload (2645ms)
		ReleaseScriptCaches (0ms)
		RebuildScriptCaches (0ms)
		SetupLoadedEditorAssemblies (2142ms)
			LogAssemblyErrors (0ms)
			InitializePlatformSupportModulesInManaged (4ms)
			SetLoadedEditorAssemblies (10ms)
			BeforeProcessingInitializeOnLoad (427ms)
			ProcessInitializeOnLoadAttributes (1484ms)
			ProcessInitializeOnLoadMethodAttributes (206ms)
			AfterProcessingInitializeOnLoad (10ms)
			EditorAssembliesLoaded (1ms)
		ExecutionOrderSort2 (0ms)
		AwakeInstancesAfterBackupRestoration (17ms)
Launched and connected shader compiler UnityShaderCompiler.exe after 0.05 seconds
Refreshing native plugins compatible for Editor in 10.21 ms, found 4 plugins.
Preloading 0 native plugins for Editor in 0.00 ms.
Unloading 17 Unused Serialized files (Serialized files now loaded: 0)
Unloading 7693 unused Assets / (3.9 MB). Loaded Objects now: 8525.
Memory consumption went from 163.4 MB to 159.5 MB.
Total: 37.359000 ms (FindLiveObjects: 2.211700 ms CreateObjectMapping: 2.589300 ms MarkObjects: 25.033900 ms  DeleteObjects: 7.520800 ms)

========================================================================
Received Import Request.
  Time since last request: 3255.309665 seconds.
  path: Assets/Character/Player/raptor/png/3x/raptor-walk/raptor-walk3.png
  artifactKey: Guid(0f3a1890557b25d4db874661c653ae1d) Importer(2089858483,b0f066a214c2f5e87bad3c948f4d605d)
Start importing Assets/Character/Player/raptor/png/3x/raptor-walk/raptor-walk3.png using Guid(0f3a1890557b25d4db874661c653ae1d) Importer(2089858483,b0f066a214c2f5e87bad3c948f4d605d) (ScriptedImporter) -> (artifact id: '7cdc0437999e62497f6e3bada2402d43') in 0.4951017 seconds
Number of updated asset objects reloaded before import = 0Number of asset objects unloaded after import = 3

========================================================================
Received Import Request.
  Time since last request: 0.000049 seconds.
  path: Assets/Character/Player/raptor/png/5x/raptor-roar/raptor-roar3.png
  artifactKey: Guid(2482ad35f19914b4090fc91e10386a03) Importer(2089858483,b0f066a214c2f5e87bad3c948f4d605d)
Start importing Assets/Character/Player/raptor/png/5x/raptor-roar/raptor-roar3.png using Guid(2482ad35f19914b4090fc91e10386a03) Importer(2089858483,b0f066a214c2f5e87bad3c948f4d605d) (ScriptedImporter) -> (artifact id: '9edb16d1e1d34cd4e8282288d20b7f5c') in 0.0489805 seconds
Number of updated asset objects reloaded before import = 0Number of asset objects unloaded after import = 3

========================================================================
Received Import Request.
  Time since last request: 0.000064 seconds.
  path: Assets/Character/Player/raptor/png/2x/raptor-walk/raptor-walk2.png
  artifactKey: Guid(d1edb25e8287af542974292e5a6bb68e) Importer(2089858483,b0f066a214c2f5e87bad3c948f4d605d)
Start importing Assets/Character/Player/raptor/png/2x/raptor-walk/raptor-walk2.png using Guid(d1edb25e8287af542974292e5a6bb68e) Importer(2089858483,b0f066a214c2f5e87bad3c948f4d605d) (ScriptedImporter) -> (artifact id: '05557cae52b623e10a3d0c40f5f8c058') in 0.0453117 seconds
Number of updated asset objects reloaded before import = 0Number of asset objects unloaded after import = 3

========================================================================
Received Import Request.
  Time since last request: 0.000062 seconds.
  path: Assets/Character/Player/raptor/png/1x/raptor-run/raptor-run4.png
  artifactKey: Guid(d9b4d4f1a0e89864cb29cffa8cafb1bb) Importer(2089858483,b0f066a214c2f5e87bad3c948f4d605d)
Start importing Assets/Character/Player/raptor/png/1x/raptor-run/raptor-run4.png using Guid(d9b4d4f1a0e89864cb29cffa8cafb1bb) Importer(2089858483,b0f066a214c2f5e87bad3c948f4d605d) (ScriptedImporter) -> (artifact id: '782a1b1b1d8f979f38b481eec35f9513') in 0.0675429 seconds
Number of updated asset objects reloaded before import = 0Number of asset objects unloaded after import = 3

========================================================================
Received Import Request.
  Time since last request: 0.000061 seconds.
  path: Assets/Character/Player/raptor/png/1x/raptor-scanning/raptor-scanning9.png
  artifactKey: Guid(1eb70c4c72bd6354eb938a98e1ffcefa) Importer(2089858483,b0f066a214c2f5e87bad3c948f4d605d)
Start importing Assets/Character/Player/raptor/png/1x/raptor-scanning/raptor-scanning9.png using Guid(1eb70c4c72bd6354eb938a98e1ffcefa) Importer(2089858483,b0f066a214c2f5e87bad3c948f4d605d) (ScriptedImporter) -> (artifact id: '51172ba6d22293d4ceb4cf2d8214a8ef') in 0.0353416 seconds
Number of updated asset objects reloaded before import = 0Number of asset objects unloaded after import = 3

========================================================================
Received Import Request.
  Time since last request: 0.000062 seconds.
  path: Assets/Character/Player/raptor/png/2x/raptor-scanning/raptor-scanning17.png
  artifactKey: Guid(dea26402234944140998c0602d0f3e7a) Importer(2089858483,b0f066a214c2f5e87bad3c948f4d605d)
Start importing Assets/Character/Player/raptor/png/2x/raptor-scanning/raptor-scanning17.png using Guid(dea26402234944140998c0602d0f3e7a) Importer(2089858483,b0f066a214c2f5e87bad3c948f4d605d) (ScriptedImporter) -> (artifact id: '0d11a034697b06ca1fa00216f66b068e') in 0.0340986 seconds
Number of updated asset objects reloaded before import = 0Number of asset objects unloaded after import = 3

========================================================================
Received Import Request.
  Time since last request: 0.000042 seconds.
  path: Assets/Character/Player/raptor/spritesheets/3x/raptor-falling.png
  artifactKey: Guid(c371f7cb2036f69428e2c004d4a733eb) Importer(2089858483,b0f066a214c2f5e87bad3c948f4d605d)
Start importing Assets/Character/Player/raptor/spritesheets/3x/raptor-falling.png using Guid(c371f7cb2036f69428e2c004d4a733eb) Importer(2089858483,b0f066a214c2f5e87bad3c948f4d605d) (ScriptedImporter) -> (artifact id: '77eec2f897e3294fa185e05b1bf7acb4') in 0.0390745 seconds
Number of updated asset objects reloaded before import = 0Number of asset objects unloaded after import = 3

========================================================================
Received Import Request.
  Time since last request: 0.000055 seconds.
  path: Assets/Character/Player/raptor/png/4x/raptor-dead/raptor-dead2.png
  artifactKey: Guid(a8f7e866506175b4a8e19687821a7c73) Importer(2089858483,b0f066a214c2f5e87bad3c948f4d605d)
Start importing Assets/Character/Player/raptor/png/4x/raptor-dead/raptor-dead2.png using Guid(a8f7e866506175b4a8e19687821a7c73) Importer(2089858483,b0f066a214c2f5e87bad3c948f4d605d) (ScriptedImporter) -> (artifact id: '15c7191b76169a0fc894f9a0e45fd88b') in 0.0343052 seconds
Number of updated asset objects reloaded before import = 0Number of asset objects unloaded after import = 3

========================================================================
Received Import Request.
  Time since last request: 0.000171 seconds.
  path: Assets/Character/Player/raptor/png/2x/raptor-scanning
  artifactKey: Guid(66f74fb56dc47fe4fb7613cbbedc1006) Importer(2089858483,b0f066a214c2f5e87bad3c948f4d605d)
Start importing Assets/Character/Player/raptor/png/2x/raptor-scanning using Guid(66f74fb56dc47fe4fb7613cbbedc1006) Importer(2089858483,b0f066a214c2f5e87bad3c948f4d605d) (ScriptedImporter) -> (artifact id: 'd96b37a8e44277c9a397f44d9bbf6cf7') in 0.0256129 seconds
Number of updated asset objects reloaded before import = 0Number of asset objects unloaded after import = 1

========================================================================
Received Import Request.
  Time since last request: 0.000095 seconds.
  path: Assets/Character/Player/raptor/png/1x/raptor-scanning/raptor-scanning12.png
  artifactKey: Guid(f8552190ed9213e4da1334a47128fc07) Importer(2089858483,b0f066a214c2f5e87bad3c948f4d605d)
Start importing Assets/Character/Player/raptor/png/1x/raptor-scanning/raptor-scanning12.png using Guid(f8552190ed9213e4da1334a47128fc07) Importer(2089858483,b0f066a214c2f5e87bad3c948f4d605d) (ScriptedImporter) -> (artifact id: 'c6d1223761e30d5f1a56ca73e64ea08c') in 0.0448602 seconds
Number of updated asset objects reloaded before import = 0Number of asset objects unloaded after import = 3

========================================================================
Received Import Request.
  Time since last request: 0.000053 seconds.
  path: Assets/Character/Player/raptor/png/3x/raptor-dead/raptor-dead6.png
  artifactKey: Guid(eef63ff3a9fd89845b4651c7d377e9a1) Importer(2089858483,b0f066a214c2f5e87bad3c948f4d605d)
Start importing Assets/Character/Player/raptor/png/3x/raptor-dead/raptor-dead6.png using Guid(eef63ff3a9fd89845b4651c7d377e9a1) Importer(2089858483,b0f066a214c2f5e87bad3c948f4d605d) (ScriptedImporter) -> (artifact id: '18e4f4533cd5310888d64358a843c964') in 0.0336129 seconds
Number of updated asset objects reloaded before import = 0Number of asset objects unloaded after import = 3

========================================================================
Received Import Request.
  Time since last request: 0.000026 seconds.
  path: Assets/Character/Player/raptor/png/5x/raptor-dead/raptor-dead2.png
  artifactKey: Guid(d4910f1b933f58048b850508634fa053) Importer(2089858483,b0f066a214c2f5e87bad3c948f4d605d)
Start importing Assets/Character/Player/raptor/png/5x/raptor-dead/raptor-dead2.png using Guid(d4910f1b933f58048b850508634fa053) Importer(2089858483,b0f066a214c2f5e87bad3c948f4d605d) (ScriptedImporter) -> (artifact id: '0c4736ba8890fe93a793b18891ab510e') in 0.0352553 seconds
Number of updated asset objects reloaded before import = 0Number of asset objects unloaded after import = 3

========================================================================
Received Import Request.
  Time since last request: 0.000037 seconds.
  path: Assets/Character/Player/raptor/gif/1x/raptor-pounce-end.gif
  artifactKey: Guid(dceaa3e72cc6a2b4186eac6012290adb) Importer(2089858483,b0f066a214c2f5e87bad3c948f4d605d)
Start importing Assets/Character/Player/raptor/gif/1x/raptor-pounce-end.gif using Guid(dceaa3e72cc6a2b4186eac6012290adb) Importer(2089858483,b0f066a214c2f5e87bad3c948f4d605d) (ScriptedImporter) -> (artifact id: 'e195f0f2ff8f0bc0233e201733a58289') in 0.0482586 seconds
Number of updated asset objects reloaded before import = 0Number of asset objects unloaded after import = 3

========================================================================
Received Import Request.
  Time since last request: 0.000048 seconds.
  path: Assets/Character/Player/raptor/png/2x/raptor-scanning/raptor-scanning13.png
  artifactKey: Guid(e3f8a30e41244a14d9786d124b3c77b0) Importer(2089858483,b0f066a214c2f5e87bad3c948f4d605d)
Start importing Assets/Character/Player/raptor/png/2x/raptor-scanning/raptor-scanning13.png using Guid(e3f8a30e41244a14d9786d124b3c77b0) Importer(2089858483,b0f066a214c2f5e87bad3c948f4d605d) (ScriptedImporter) -> (artifact id: 'b8266bb45f25a3432c6f45db1e101729') in 0.0450334 seconds
Number of updated asset objects reloaded before import = 0Number of asset objects unloaded after import = 3

========================================================================
Received Import Request.
  Time since last request: 0.000036 seconds.
  path: Assets/Character/Player/raptor/png/2x/raptor-walk/raptor-walk5.png
  artifactKey: Guid(b1945f7c74b66c744a1db4c5b923da98) Importer(2089858483,b0f066a214c2f5e87bad3c948f4d605d)
Start importing Assets/Character/Player/raptor/png/2x/raptor-walk/raptor-walk5.png using Guid(b1945f7c74b66c744a1db4c5b923da98) Importer(2089858483,b0f066a214c2f5e87bad3c948f4d605d) (ScriptedImporter) -> (artifact id: '7c3f4b093e83fa6d9ce7967f3f239bb9') in 0.0410383 seconds
Number of updated asset objects reloaded before import = 0Number of asset objects unloaded after import = 3

========================================================================
Received Import Request.
  Time since last request: 0.000193 seconds.
  path: Assets/Character/Player/raptor/gif/5x/raptor-pounce.gif
  artifactKey: Guid(31529ec89bf15c4498ae5818f92d9ebc) Importer(2089858483,b0f066a214c2f5e87bad3c948f4d605d)
Start importing Assets/Character/Player/raptor/gif/5x/raptor-pounce.gif using Guid(31529ec89bf15c4498ae5818f92d9ebc) Importer(2089858483,b0f066a214c2f5e87bad3c948f4d605d) (ScriptedImporter) -> (artifact id: 'fda7303729e069cd94b16c7bd771c8d6') in 0.0921305 seconds
Number of updated asset objects reloaded before import = 0Number of asset objects unloaded after import = 3

========================================================================
Received Import Request.
  Time since last request: 0.000068 seconds.
  path: Assets/Character/Player/raptor/png/2x/raptor-scanning/raptor-scanning6.png
  artifactKey: Guid(5dd771a6f5ee8d54091eb76ae12c8494) Importer(2089858483,b0f066a214c2f5e87bad3c948f4d605d)
Start importing Assets/Character/Player/raptor/png/2x/raptor-scanning/raptor-scanning6.png using Guid(5dd771a6f5ee8d54091eb76ae12c8494) Importer(2089858483,b0f066a214c2f5e87bad3c948f4d605d) (ScriptedImporter) -> (artifact id: 'cde46377b0d441a5ec452897580a2d1b') in 0.0476825 seconds
Number of updated asset objects reloaded before import = 0Number of asset objects unloaded after import = 3

========================================================================
Received Import Request.
  Time since last request: 0.000518 seconds.
  path: Assets/Character/Player/raptor/png/5x/raptor-walk/raptor-walk1.png
  artifactKey: Guid(0ce7dc2bbd43c384bbcf9ac2e80ca04f) Importer(2089858483,b0f066a214c2f5e87bad3c948f4d605d)
Start importing Assets/Character/Player/raptor/png/5x/raptor-walk/raptor-walk1.png using Guid(0ce7dc2bbd43c384bbcf9ac2e80ca04f) Importer(2089858483,b0f066a214c2f5e87bad3c948f4d605d) (ScriptedImporter) -> (artifact id: '422397da74ff99b8b56e442a3284d5f5') in 0.0870978 seconds
Number of updated asset objects reloaded before import = 0Number of asset objects unloaded after import = 3

========================================================================
Received Import Request.
  Time since last request: 0.000098 seconds.
  path: Assets/Character/Player/raptor/aseprite_files/raptor-pounced-attack.aseprite
  artifactKey: Guid(5b49546db6ade1b44894aef7862bda89) Importer(2089858483,b0f066a214c2f5e87bad3c948f4d605d)
Start importing Assets/Character/Player/raptor/aseprite_files/raptor-pounced-attack.aseprite using Guid(5b49546db6ade1b44894aef7862bda89) Importer(2089858483,b0f066a214c2f5e87bad3c948f4d605d) (ScriptedImporter) -> (artifact id: '259008ca5c36f6d31e37cdad61f2dcd2') in 0.5163133 seconds
Number of updated asset objects reloaded before import = 0Number of asset objects unloaded after import = 19

========================================================================
Received Import Request.
  Time since last request: 0.000155 seconds.
  path: Assets/Character/Player/raptor/png/3x/raptor-pounced-attack/raptor-pounced-attack6.png
  artifactKey: Guid(328a9c2c3a5f52148a006720de965d05) Importer(2089858483,b0f066a214c2f5e87bad3c948f4d605d)
Start importing Assets/Character/Player/raptor/png/3x/raptor-pounced-attack/raptor-pounced-attack6.png using Guid(328a9c2c3a5f52148a006720de965d05) Importer(2089858483,b0f066a214c2f5e87bad3c948f4d605d) (ScriptedImporter) -> (artifact id: 'b7a22df4bb034d9911400c3c9ae562d2') in 0.0614195 seconds
Number of updated asset objects reloaded before import = 0Number of asset objects unloaded after import = 3

========================================================================
Received Import Request.
  Time since last request: 0.000057 seconds.
  path: Assets/Character/Player/raptor/png/1x/raptor-pounced-attack/raptor-pounced-attack1.png
  artifactKey: Guid(23f981f4e8611f04c80fdd070ba4099b) Importer(2089858483,b0f066a214c2f5e87bad3c948f4d605d)
Start importing Assets/Character/Player/raptor/png/1x/raptor-pounced-attack/raptor-pounced-attack1.png using Guid(23f981f4e8611f04c80fdd070ba4099b) Importer(2089858483,b0f066a214c2f5e87bad3c948f4d605d) (ScriptedImporter) -> (artifact id: 'a75b99a9e5743ba17a180f67c8bada48') in 0.0380069 seconds
Number of updated asset objects reloaded before import = 0Number of asset objects unloaded after import = 3

========================================================================
Received Import Request.
  Time since last request: 0.000070 seconds.
  path: Assets/Character/Player/raptor/png/3x/raptor-run
  artifactKey: Guid(d36aba30eff1a4144a35d1d23bc5a9ce) Importer(2089858483,b0f066a214c2f5e87bad3c948f4d605d)
Start importing Assets/Character/Player/raptor/png/3x/raptor-run using Guid(d36aba30eff1a4144a35d1d23bc5a9ce) Importer(2089858483,b0f066a214c2f5e87bad3c948f4d605d) (ScriptedImporter) -> (artifact id: '2974b499aa9fcaff9a68e96fa3fc7cef') in 0.0232984 seconds
Number of updated asset objects reloaded before import = 0Number of asset objects unloaded after import = 1

========================================================================
Received Import Request.
  Time since last request: 0.000086 seconds.
  path: Assets/Character/Player/raptor/png/2x/raptor-dead/raptor-dead6.png
  artifactKey: Guid(3a8e4d9c1fceb0049bb6b20af041303f) Importer(2089858483,b0f066a214c2f5e87bad3c948f4d605d)
Start importing Assets/Character/Player/raptor/png/2x/raptor-dead/raptor-dead6.png using Guid(3a8e4d9c1fceb0049bb6b20af041303f) Importer(2089858483,b0f066a214c2f5e87bad3c948f4d605d) (ScriptedImporter) -> (artifact id: '389c758135b3471a34b0c60905edef0c') in 0.071883 seconds
Number of updated asset objects reloaded before import = 0Number of asset objects unloaded after import = 3

========================================================================
Received Import Request.
  Time since last request: 0.000070 seconds.
  path: Assets/Character/Player/raptor/png/4x/raptor-dead/raptor-dead1.png
  artifactKey: Guid(5c469a1fe72aaac4eaee9b72fa53c1ae) Importer(2089858483,b0f066a214c2f5e87bad3c948f4d605d)
Start importing Assets/Character/Player/raptor/png/4x/raptor-dead/raptor-dead1.png using Guid(5c469a1fe72aaac4eaee9b72fa53c1ae) Importer(2089858483,b0f066a214c2f5e87bad3c948f4d605d) (ScriptedImporter) -> (artifact id: 'd0dc2717da2fdee8d150cac893d5ea0b') in 0.050886 seconds
Number of updated asset objects reloaded before import = 0Number of asset objects unloaded after import = 3

========================================================================
Received Import Request.
  Time since last request: 0.000044 seconds.
  path: Assets/Character/Player/raptor/png/5x/raptor-pounce-end/raptor-pounce-end.png
  artifactKey: Guid(12526c23f83c73b4d9f9f606752b580e) Importer(2089858483,b0f066a214c2f5e87bad3c948f4d605d)
Start importing Assets/Character/Player/raptor/png/5x/raptor-pounce-end/raptor-pounce-end.png using Guid(12526c23f83c73b4d9f9f606752b580e) Importer(2089858483,b0f066a214c2f5e87bad3c948f4d605d) (ScriptedImporter) -> (artifact id: 'f730a788bef0f90555a079edd2c51534') in 0.0507147 seconds
Number of updated asset objects reloaded before import = 0Number of asset objects unloaded after import = 3

========================================================================
Received Import Request.
  Time since last request: 0.000058 seconds.
  path: Assets/Character/Player/raptor/spritesheets/5x/raptor-jump.png
  artifactKey: Guid(72450f17e244a2e4aa40d275d04c60c6) Importer(2089858483,b0f066a214c2f5e87bad3c948f4d605d)
Start importing Assets/Character/Player/raptor/spritesheets/5x/raptor-jump.png using Guid(72450f17e244a2e4aa40d275d04c60c6) Importer(2089858483,b0f066a214c2f5e87bad3c948f4d605d) (ScriptedImporter) -> (artifact id: 'b38480ff2f8ef3f20ad425776788cfd5') in 0.0493534 seconds
Number of updated asset objects reloaded before import = 0Number of asset objects unloaded after import = 3

========================================================================
Received Import Request.
  Time since last request: 0.000040 seconds.
  path: Assets/Character/Player/raptor/png/1x/raptor-run/raptor-run3.png
  artifactKey: Guid(a86234c49c85f8d49886e2a9d6b64d78) Importer(2089858483,b0f066a214c2f5e87bad3c948f4d605d)
Start importing Assets/Character/Player/raptor/png/1x/raptor-run/raptor-run3.png using Guid(a86234c49c85f8d49886e2a9d6b64d78) Importer(2089858483,b0f066a214c2f5e87bad3c948f4d605d) (ScriptedImporter) -> (artifact id: '670a5d17dc42a4146499974c84fc7648') in 0.0431293 seconds
Number of updated asset objects reloaded before import = 0Number of asset objects unloaded after import = 3

========================================================================
Received Import Request.
  Time since last request: 0.000045 seconds.
  path: Assets/Character/Player/raptor/png/2x/raptor-roar/raptor-roar2.png
  artifactKey: Guid(dea14b8d8399a824f8fd494facdd5dde) Importer(2089858483,b0f066a214c2f5e87bad3c948f4d605d)
Start importing Assets/Character/Player/raptor/png/2x/raptor-roar/raptor-roar2.png using Guid(dea14b8d8399a824f8fd494facdd5dde) Importer(2089858483,b0f066a214c2f5e87bad3c948f4d605d) (ScriptedImporter) -> (artifact id: '99295292a2f56f351db31c8c462bb78b') in 0.0396392 seconds
Number of updated asset objects reloaded before import = 0Number of asset objects unloaded after import = 3

========================================================================
Received Import Request.
  Time since last request: 0.000052 seconds.
  path: Assets/Character/Player/raptor/png/5x/raptor-bite/raptor-bite6.png
  artifactKey: Guid(7d50497c33d550747b440bae7e294ddd) Importer(2089858483,b0f066a214c2f5e87bad3c948f4d605d)
Start importing Assets/Character/Player/raptor/png/5x/raptor-bite/raptor-bite6.png using Guid(7d50497c33d550747b440bae7e294ddd) Importer(2089858483,b0f066a214c2f5e87bad3c948f4d605d) (ScriptedImporter) -> (artifact id: 'ace6741192e2c7949f7583262a3a03a9') in 0.0339586 seconds
Number of updated asset objects reloaded before import = 0Number of asset objects unloaded after import = 3

========================================================================
Received Import Request.
  Time since last request: 0.000036 seconds.
  path: Assets/Character/Player/raptor/png/5x/raptor-bite/raptor-bite7.png
  artifactKey: Guid(409329bb16970d747982010e4ef4b0ce) Importer(2089858483,b0f066a214c2f5e87bad3c948f4d605d)
Start importing Assets/Character/Player/raptor/png/5x/raptor-bite/raptor-bite7.png using Guid(409329bb16970d747982010e4ef4b0ce) Importer(2089858483,b0f066a214c2f5e87bad3c948f4d605d) (ScriptedImporter) -> (artifact id: 'f619f4a658cfa0c3c2c177822e042dcd') in 0.0315755 seconds
Number of updated asset objects reloaded before import = 0Number of asset objects unloaded after import = 3

========================================================================
Received Import Request.
  Time since last request: 0.000036 seconds.
  path: Assets/Character/Player/raptor/png/5x/raptor-pounced-attack/raptor-pounced-attack8.png
  artifactKey: Guid(84bce280eede4014eb105e3f741cb95f) Importer(2089858483,b0f066a214c2f5e87bad3c948f4d605d)
Start importing Assets/Character/Player/raptor/png/5x/raptor-pounced-attack/raptor-pounced-attack8.png using Guid(84bce280eede4014eb105e3f741cb95f) Importer(2089858483,b0f066a214c2f5e87bad3c948f4d605d) (ScriptedImporter) -> (artifact id: '22c8a7ced2ba7c6c4c937143fa85343d') in 0.0359823 seconds
Number of updated asset objects reloaded before import = 0Number of asset objects unloaded after import = 3

========================================================================
Received Import Request.
  Time since last request: 0.000046 seconds.
  path: Assets/Character/Player/raptor/gif/2x/raptor-pounce.gif
  artifactKey: Guid(0701223d6c3b0ed4fa49e12eb5ee50cf) Importer(2089858483,b0f066a214c2f5e87bad3c948f4d605d)
Start importing Assets/Character/Player/raptor/gif/2x/raptor-pounce.gif using Guid(0701223d6c3b0ed4fa49e12eb5ee50cf) Importer(2089858483,b0f066a214c2f5e87bad3c948f4d605d) (ScriptedImporter) -> (artifact id: '3d2220236e293797f29c55e5f0125eac') in 0.0295486 seconds
Number of updated asset objects reloaded before import = 0Number of asset objects unloaded after import = 3

========================================================================
Received Import Request.
  Time since last request: 0.000029 seconds.
  path: Assets/Character/Player/raptor/png/4x/raptor-scanning/raptor-scanning12.png
  artifactKey: Guid(22d30a80c96b95e4a8f29568e2fb450e) Importer(2089858483,b0f066a214c2f5e87bad3c948f4d605d)
Start importing Assets/Character/Player/raptor/png/4x/raptor-scanning/raptor-scanning12.png using Guid(22d30a80c96b95e4a8f29568e2fb450e) Importer(2089858483,b0f066a214c2f5e87bad3c948f4d605d) (ScriptedImporter) -> (artifact id: '241297b2d60d0f7c4a142fc529cd3aea') in 0.0340147 seconds
Number of updated asset objects reloaded before import = 0Number of asset objects unloaded after import = 3

========================================================================
Received Import Request.
  Time since last request: 0.000037 seconds.
  path: Assets/Character/Player/raptor/png/1x/raptor-pounce-end
  artifactKey: Guid(78a2fe0838ef5a4448b6bb1a07f570f1) Importer(2089858483,b0f066a214c2f5e87bad3c948f4d605d)
Start importing Assets/Character/Player/raptor/png/1x/raptor-pounce-end using Guid(78a2fe0838ef5a4448b6bb1a07f570f1) Importer(2089858483,b0f066a214c2f5e87bad3c948f4d605d) (ScriptedImporter) -> (artifact id: 'c8a8b586e94a4dfee3256e4cef533cf7') in 0.0206736 seconds
Number of updated asset objects reloaded before import = 0Number of asset objects unloaded after import = 1

========================================================================
Received Import Request.
  Time since last request: 0.000048 seconds.
  path: Assets/Character/Player/raptor/gif/4x/raptor-jump.gif
  artifactKey: Guid(a6e4526f0e9c7ed4e87acea06edeacff) Importer(2089858483,b0f066a214c2f5e87bad3c948f4d605d)
Start importing Assets/Character/Player/raptor/gif/4x/raptor-jump.gif using Guid(a6e4526f0e9c7ed4e87acea06edeacff) Importer(2089858483,b0f066a214c2f5e87bad3c948f4d605d) (ScriptedImporter) -> (artifact id: '00eba580d54a104df8fd658e41952181') in 0.0312077 seconds
Number of updated asset objects reloaded before import = 0Number of asset objects unloaded after import = 3

========================================================================
Received Import Request.
  Time since last request: 0.000036 seconds.
  path: Assets/Character/Player/raptor/png/1x/raptor-scanning/raptor-scanning13.png
  artifactKey: Guid(1878e72ab69345a409cc5986c9e56704) Importer(2089858483,b0f066a214c2f5e87bad3c948f4d605d)
Start importing Assets/Character/Player/raptor/png/1x/raptor-scanning/raptor-scanning13.png using Guid(1878e72ab69345a409cc5986c9e56704) Importer(2089858483,b0f066a214c2f5e87bad3c948f4d605d) (ScriptedImporter) -> (artifact id: 'b5195ee45580baf361e0c2a0d75fc6f2') in 0.0411899 seconds
Number of updated asset objects reloaded before import = 0Number of asset objects unloaded after import = 3

========================================================================
Received Import Request.
  Time since last request: 0.000036 seconds.
  path: Assets/Character/Player/raptor/png/3x/raptor-dead/raptor-dead3.png
  artifactKey: Guid(41e44fc199e4de546b26a051cbb0dfbe) Importer(2089858483,b0f066a214c2f5e87bad3c948f4d605d)
Start importing Assets/Character/Player/raptor/png/3x/raptor-dead/raptor-dead3.png using Guid(41e44fc199e4de546b26a051cbb0dfbe) Importer(2089858483,b0f066a214c2f5e87bad3c948f4d605d) (ScriptedImporter) -> (artifact id: '0d6e94c8899ee113890190d9914349c5') in 0.0417023 seconds
Number of updated asset objects reloaded before import = 0Number of asset objects unloaded after import = 3

========================================================================
Received Import Request.
  Time since last request: 0.000056 seconds.
  path: Assets/Character/Player/raptor/aseprite_files/raptor-ready-pounce.aseprite
  artifactKey: Guid(4ec181c892e4fc74f83e794e1d5a45a1) Importer(2089858483,b0f066a214c2f5e87bad3c948f4d605d)
Start importing Assets/Character/Player/raptor/aseprite_files/raptor-ready-pounce.aseprite using Guid(4ec181c892e4fc74f83e794e1d5a45a1) Importer(2089858483,b0f066a214c2f5e87bad3c948f4d605d) (ScriptedImporter) -> (artifact id: 'f810e4e3db78d815f09aa7f0646cb695') in 0.0528316 seconds
Number of updated asset objects reloaded before import = 0Number of asset objects unloaded after import = 13

========================================================================
Received Import Request.
  Time since last request: 0.000054 seconds.
  path: Assets/Character/Player/raptor/png/2x/raptor-bite/raptor-bite5.png
  artifactKey: Guid(09573e049ee78bf45bfc3ed4b67a77ef) Importer(2089858483,b0f066a214c2f5e87bad3c948f4d605d)
Start importing Assets/Character/Player/raptor/png/2x/raptor-bite/raptor-bite5.png using Guid(09573e049ee78bf45bfc3ed4b67a77ef) Importer(2089858483,b0f066a214c2f5e87bad3c948f4d605d) (ScriptedImporter) -> (artifact id: '21fe8763ed0c88e44e79715103343e48') in 0.0356839 seconds
Number of updated asset objects reloaded before import = 0Number of asset objects unloaded after import = 3

========================================================================
Received Import Request.
  Time since last request: 0.000031 seconds.
  path: Assets/Character/Player/raptor/png/5x/raptor-scanning/raptor-scanning6.png
  artifactKey: Guid(edc0d4e95a897334d96267e17ae4e28f) Importer(2089858483,b0f066a214c2f5e87bad3c948f4d605d)
Start importing Assets/Character/Player/raptor/png/5x/raptor-scanning/raptor-scanning6.png using Guid(edc0d4e95a897334d96267e17ae4e28f) Importer(2089858483,b0f066a214c2f5e87bad3c948f4d605d) (ScriptedImporter) -> (artifact id: '1b1a53c6b077269bc76b783fbeabb076') in 0.0349442 seconds
Number of updated asset objects reloaded before import = 0Number of asset objects unloaded after import = 3

========================================================================
Received Import Request.
  Time since last request: 0.000040 seconds.
  path: Assets/Character/Player/raptor/png/3x/raptor-bite/raptor-bite8.png
  artifactKey: Guid(d16bae78880b41d40af8ed2a5e3b50d8) Importer(2089858483,b0f066a214c2f5e87bad3c948f4d605d)
Start importing Assets/Character/Player/raptor/png/3x/raptor-bite/raptor-bite8.png using Guid(d16bae78880b41d40af8ed2a5e3b50d8) Importer(2089858483,b0f066a214c2f5e87bad3c948f4d605d) (ScriptedImporter) -> (artifact id: '7b43bfc38b9d3576f946b66683fd7ac5') in 0.0330779 seconds
Number of updated asset objects reloaded before import = 0Number of asset objects unloaded after import = 4

========================================================================
Received Import Request.
  Time since last request: 0.000027 seconds.
  path: Assets/Character/Player/raptor/png/2x/raptor-bite
  artifactKey: Guid(c9c0a160a5a3e9346ac2c1e819349670) Importer(2089858483,b0f066a214c2f5e87bad3c948f4d605d)
Start importing Assets/Character/Player/raptor/png/2x/raptor-bite using Guid(c9c0a160a5a3e9346ac2c1e819349670) Importer(2089858483,b0f066a214c2f5e87bad3c948f4d605d) (ScriptedImporter) -> (artifact id: '4e037c1e9386836f906f0f322276076e') in 0.0207411 seconds
Number of updated asset objects reloaded before import = 0Number of asset objects unloaded after import = 1

========================================================================
Received Import Request.
  Time since last request: 0.000024 seconds.
  path: Assets/Character/Player/raptor/png/2x/raptor-run/raptor-run4.png
  artifactKey: Guid(d8357fc7e4c0aba4198903cf603d0013) Importer(2089858483,b0f066a214c2f5e87bad3c948f4d605d)
Start importing Assets/Character/Player/raptor/png/2x/raptor-run/raptor-run4.png using Guid(d8357fc7e4c0aba4198903cf603d0013) Importer(2089858483,b0f066a214c2f5e87bad3c948f4d605d) (ScriptedImporter) -> (artifact id: '28d3c2824113e3442b4e60ffbd7184a9') in 0.0400253 seconds
Number of updated asset objects reloaded before import = 0Number of asset objects unloaded after import = 3

========================================================================
Received Import Request.
  Time since last request: 0.000031 seconds.
  path: Assets/Character/Player/raptor/png/4x/raptor-run/raptor-run1.png
  artifactKey: Guid(19baa96d042da65469ac1818186b92a8) Importer(2089858483,b0f066a214c2f5e87bad3c948f4d605d)
Start importing Assets/Character/Player/raptor/png/4x/raptor-run/raptor-run1.png using Guid(19baa96d042da65469ac1818186b92a8) Importer(2089858483,b0f066a214c2f5e87bad3c948f4d605d) (ScriptedImporter) -> (artifact id: 'eba18995226b9b90b5e728dea7e3e31c') in 0.0404014 seconds
Number of updated asset objects reloaded before import = 0Number of asset objects unloaded after import = 3

========================================================================
Received Import Request.
  Time since last request: 0.000047 seconds.
  path: Assets/Character/Player/raptor/gif/3x/raptor-pounce.gif
  artifactKey: Guid(983c59fa7963f9a468caa3e00eee726f) Importer(2089858483,b0f066a214c2f5e87bad3c948f4d605d)
Start importing Assets/Character/Player/raptor/gif/3x/raptor-pounce.gif using Guid(983c59fa7963f9a468caa3e00eee726f) Importer(2089858483,b0f066a214c2f5e87bad3c948f4d605d) (ScriptedImporter) -> (artifact id: 'caafee5b8874256949fccf7312121f79') in 0.039257 seconds
Number of updated asset objects reloaded before import = 0Number of asset objects unloaded after import = 3

========================================================================
Received Import Request.
  Time since last request: 0.000030 seconds.
  path: Assets/Character/Player/raptor/png/3x/raptor-walk
  artifactKey: Guid(aa0c289bd732d0245bd46b6a7a67a4c5) Importer(2089858483,b0f066a214c2f5e87bad3c948f4d605d)
Start importing Assets/Character/Player/raptor/png/3x/raptor-walk using Guid(aa0c289bd732d0245bd46b6a7a67a4c5) Importer(2089858483,b0f066a214c2f5e87bad3c948f4d605d) (ScriptedImporter) -> (artifact id: 'efaadcd85bb24b76acb7daad4ea90662') in 0.0229163 seconds
Number of updated asset objects reloaded before import = 0Number of asset objects unloaded after import = 1

========================================================================
Received Import Request.
  Time since last request: 0.000032 seconds.
  path: Assets/Character/Player/raptor/preview_images/preview-raptor-roar.gif
  artifactKey: Guid(41003e35d7d36ef49b4b223d2635c92f) Importer(2089858483,b0f066a214c2f5e87bad3c948f4d605d)
Start importing Assets/Character/Player/raptor/preview_images/preview-raptor-roar.gif using Guid(41003e35d7d36ef49b4b223d2635c92f) Importer(2089858483,b0f066a214c2f5e87bad3c948f4d605d) (ScriptedImporter) -> (artifact id: '41d1bb4ec97b2b57bdd99d2cbec12105') in 0.0381017 seconds
Number of updated asset objects reloaded before import = 0Number of asset objects unloaded after import = 3

========================================================================
Received Import Request.
  Time since last request: 0.000051 seconds.
  path: Assets/Character/Player/raptor/png/4x/raptor-dead
  artifactKey: Guid(1775ca4175fa57a49870945f17ea051c) Importer(2089858483,b0f066a214c2f5e87bad3c948f4d605d)
Start importing Assets/Character/Player/raptor/png/4x/raptor-dead using Guid(1775ca4175fa57a49870945f17ea051c) Importer(2089858483,b0f066a214c2f5e87bad3c948f4d605d) (ScriptedImporter) -> (artifact id: 'c30ab983b6ffa9fcb06922d6583a093a') in 0.023122 seconds
Number of updated asset objects reloaded before import = 0Number of asset objects unloaded after import = 1

========================================================================
Received Import Request.
  Time since last request: 0.000036 seconds.
  path: Assets/Character/Player/raptor/spritesheets/4x/raptor-ready-pounce.png
  artifactKey: Guid(8284e84905f56264ba4d8b0eff92286c) Importer(2089858483,b0f066a214c2f5e87bad3c948f4d605d)
Start importing Assets/Character/Player/raptor/spritesheets/4x/raptor-ready-pounce.png using Guid(8284e84905f56264ba4d8b0eff92286c) Importer(2089858483,b0f066a214c2f5e87bad3c948f4d605d) (ScriptedImporter) -> (artifact id: '5cf81f52991287e9a8e8b78d3f529d74') in 0.0409798 seconds
Number of updated asset objects reloaded before import = 0Number of asset objects unloaded after import = 4

========================================================================
Received Import Request.
  Time since last request: 0.000061 seconds.
  path: Assets/Character/Player/raptor/png/5x/raptor-pounce
  artifactKey: Guid(95b3f2dfff7476c438479b371efd212b) Importer(2089858483,b0f066a214c2f5e87bad3c948f4d605d)
Start importing Assets/Character/Player/raptor/png/5x/raptor-pounce using Guid(95b3f2dfff7476c438479b371efd212b) Importer(2089858483,b0f066a214c2f5e87bad3c948f4d605d) (ScriptedImporter) -> (artifact id: 'bb762be6bc3934d1e9b9534c8c613b43') in 0.0226258 seconds
Number of updated asset objects reloaded before import = 0Number of asset objects unloaded after import = 1

========================================================================
Received Import Request.
  Time since last request: 0.000096 seconds.
  path: Assets/Character/Player/raptor/png/2x/raptor-ready-pounce/raptor-ready-pounce1.png
  artifactKey: Guid(7647a54f1ef56e94f91b80e9cf391a8c) Importer(2089858483,b0f066a214c2f5e87bad3c948f4d605d)
Start importing Assets/Character/Player/raptor/png/2x/raptor-ready-pounce/raptor-ready-pounce1.png using Guid(7647a54f1ef56e94f91b80e9cf391a8c) Importer(2089858483,b0f066a214c2f5e87bad3c948f4d605d) (ScriptedImporter) -> (artifact id: '24cd64d4598fbd2648801b078cfcdca2') in 0.0317495 seconds
Number of updated asset objects reloaded before import = 0Number of asset objects unloaded after import = 3

========================================================================
Received Import Request.
  Time since last request: 0.000024 seconds.
  path: Assets/Character/Player/raptor/spritesheets/4x/raptor-jump.png
  artifactKey: Guid(e547791ce13b7464482044ef940bec63) Importer(2089858483,b0f066a214c2f5e87bad3c948f4d605d)
Start importing Assets/Character/Player/raptor/spritesheets/4x/raptor-jump.png using Guid(e547791ce13b7464482044ef940bec63) Importer(2089858483,b0f066a214c2f5e87bad3c948f4d605d) (ScriptedImporter) -> (artifact id: 'eb4743783edae13b3d9dea80d1663c36') in 0.0356814 seconds
Number of updated asset objects reloaded before import = 0Number of asset objects unloaded after import = 3

========================================================================
Received Import Request.
  Time since last request: 0.000032 seconds.
  path: Assets/Character/Player/raptor/gif/4x/raptor-run.gif
  artifactKey: Guid(427107f489470f74ba3bf98e94fab632) Importer(2089858483,b0f066a214c2f5e87bad3c948f4d605d)
Start importing Assets/Character/Player/raptor/gif/4x/raptor-run.gif using Guid(427107f489470f74ba3bf98e94fab632) Importer(2089858483,b0f066a214c2f5e87bad3c948f4d605d) (ScriptedImporter) -> (artifact id: '7b01780ca22a501a7b1f621107daee0f') in 0.0359761 seconds
Number of updated asset objects reloaded before import = 0Number of asset objects unloaded after import = 3

========================================================================
Received Import Request.
  Time since last request: 0.000053 seconds.
  path: Assets/Character/Player/raptor/png/5x/raptor-bite/raptor-bite9.png
  artifactKey: Guid(4212a3b7a4d9f4f4f93d88c137fa3535) Importer(2089858483,b0f066a214c2f5e87bad3c948f4d605d)
Start importing Assets/Character/Player/raptor/png/5x/raptor-bite/raptor-bite9.png using Guid(4212a3b7a4d9f4f4f93d88c137fa3535) Importer(2089858483,b0f066a214c2f5e87bad3c948f4d605d) (ScriptedImporter) -> (artifact id: 'fa0c0355298507508a62aa985475318f') in 0.0558172 seconds
Number of updated asset objects reloaded before import = 0Number of asset objects unloaded after import = 7

========================================================================
Received Import Request.
  Time since last request: 0.000030 seconds.
  path: Assets/Character/Player/raptor/png/3x/raptor-dead/raptor-dead4.png
  artifactKey: Guid(8efbd61234f5ebf4c8415a6a701922be) Importer(2089858483,b0f066a214c2f5e87bad3c948f4d605d)
Start importing Assets/Character/Player/raptor/png/3x/raptor-dead/raptor-dead4.png using Guid(8efbd61234f5ebf4c8415a6a701922be) Importer(2089858483,b0f066a214c2f5e87bad3c948f4d605d) (ScriptedImporter) -> (artifact id: '11de8db6180d554a33e253ab858750a9') in 0.0380327 seconds
Number of updated asset objects reloaded before import = 0Number of asset objects unloaded after import = 3

========================================================================
Received Import Request.
  Time since last request: 0.000037 seconds.
  path: Assets/Character/Player/raptor/png/4x/raptor-dead/raptor-dead3.png
  artifactKey: Guid(a0e0fdef53abfc94494f64e133c167b3) Importer(2089858483,b0f066a214c2f5e87bad3c948f4d605d)
Start importing Assets/Character/Player/raptor/png/4x/raptor-dead/raptor-dead3.png using Guid(a0e0fdef53abfc94494f64e133c167b3) Importer(2089858483,b0f066a214c2f5e87bad3c948f4d605d) (ScriptedImporter) -> (artifact id: 'e30ad1b13a23a64ae65b0d3263c6b66b') in 0.035191 seconds
Number of updated asset objects reloaded before import = 0Number of asset objects unloaded after import = 3

========================================================================
Received Import Request.
  Time since last request: 0.000042 seconds.
  path: Assets/Character/Player/raptor/png/2x/raptor-pounced-attack/raptor-pounced-attack2.png
  artifactKey: Guid(5e4bedeae8dc39e44a866df7d5fdbdd8) Importer(2089858483,b0f066a214c2f5e87bad3c948f4d605d)
Start importing Assets/Character/Player/raptor/png/2x/raptor-pounced-attack/raptor-pounced-attack2.png using Guid(5e4bedeae8dc39e44a866df7d5fdbdd8) Importer(2089858483,b0f066a214c2f5e87bad3c948f4d605d) (ScriptedImporter) -> (artifact id: '1b146edef1f955d00446a5caeebd6c16') in 0.0314904 seconds
Number of updated asset objects reloaded before import = 0Number of asset objects unloaded after import = 3

========================================================================
Received Import Request.
  Time since last request: 0.000036 seconds.
  path: Assets/Character/Player/raptor/png/4x/raptor-idle/raptor-idle2.png
  artifactKey: Guid(ec37f6a5b19fa7a48ac0cb74fc577701) Importer(2089858483,b0f066a214c2f5e87bad3c948f4d605d)
Start importing Assets/Character/Player/raptor/png/4x/raptor-idle/raptor-idle2.png using Guid(ec37f6a5b19fa7a48ac0cb74fc577701) Importer(2089858483,b0f066a214c2f5e87bad3c948f4d605d) (ScriptedImporter) -> (artifact id: '078aedcf100b95ba0020715e2d9a9a8b') in 0.0358178 seconds
Number of updated asset objects reloaded before import = 0Number of asset objects unloaded after import = 3

========================================================================
Received Import Request.
  Time since last request: 0.000038 seconds.
  path: Assets/Character/Player/raptor/png/2x/raptor-pounce-end
  artifactKey: Guid(8b18c7e7911dcf24980d147b2df96f2b) Importer(2089858483,b0f066a214c2f5e87bad3c948f4d605d)
Start importing Assets/Character/Player/raptor/png/2x/raptor-pounce-end using Guid(8b18c7e7911dcf24980d147b2df96f2b) Importer(2089858483,b0f066a214c2f5e87bad3c948f4d605d) (ScriptedImporter) -> (artifact id: 'bab62648f1fe714c77bb0fb950a25d30') in 0.0265389 seconds
Number of updated asset objects reloaded before import = 0Number of asset objects unloaded after import = 1

========================================================================
Received Import Request.
  Time since last request: 0.000045 seconds.
  path: Assets/Character/Player/raptor/png/1x/raptor-dead/raptor-dead5.png
  artifactKey: Guid(4d9ab01e667bfb048acdaa6518717dd7) Importer(2089858483,b0f066a214c2f5e87bad3c948f4d605d)
Start importing Assets/Character/Player/raptor/png/1x/raptor-dead/raptor-dead5.png using Guid(4d9ab01e667bfb048acdaa6518717dd7) Importer(2089858483,b0f066a214c2f5e87bad3c948f4d605d) (ScriptedImporter) -> (artifact id: '87861bff18daee7602690e7d9bebf1d2') in 0.0505804 seconds
Number of updated asset objects reloaded before import = 0Number of asset objects unloaded after import = 3

========================================================================
Received Import Request.
  Time since last request: 0.000031 seconds.
  path: Assets/Character/Player/raptor/png/1x/raptor-walk/raptor-walk5.png
  artifactKey: Guid(78361cd910aecee48a7d3c97b9862d6b) Importer(2089858483,b0f066a214c2f5e87bad3c948f4d605d)
Start importing Assets/Character/Player/raptor/png/1x/raptor-walk/raptor-walk5.png using Guid(78361cd910aecee48a7d3c97b9862d6b) Importer(2089858483,b0f066a214c2f5e87bad3c948f4d605d) (ScriptedImporter) -> (artifact id: 'b11beb693274b9b4b6bd612168515b09') in 0.0395977 seconds
Number of updated asset objects reloaded before import = 0Number of asset objects unloaded after import = 3

========================================================================
Received Import Request.
  Time since last request: 0.000034 seconds.
  path: Assets/Character/Player/raptor/spritesheets/1x/raptor-idle.png
  artifactKey: Guid(a6c050ff5c78fbb4ab0cec69ba7a45e4) Importer(2089858483,b0f066a214c2f5e87bad3c948f4d605d)
Start importing Assets/Character/Player/raptor/spritesheets/1x/raptor-idle.png using Guid(a6c050ff5c78fbb4ab0cec69ba7a45e4) Importer(2089858483,b0f066a214c2f5e87bad3c948f4d605d) (ScriptedImporter) -> (artifact id: '01ba8fc9d7475eab340d2988e21fe714') in 0.036579 seconds
Number of updated asset objects reloaded before import = 0Number of asset objects unloaded after import = 4

========================================================================
Received Import Request.
  Time since last request: 0.000061 seconds.
  path: Assets/Character/Player/raptor/spritesheets/2x/raptor-pounce.png
  artifactKey: Guid(ac3bb6060ede5c3449ef553b6fd68fc7) Importer(2089858483,b0f066a214c2f5e87bad3c948f4d605d)
Start importing Assets/Character/Player/raptor/spritesheets/2x/raptor-pounce.png using Guid(ac3bb6060ede5c3449ef553b6fd68fc7) Importer(2089858483,b0f066a214c2f5e87bad3c948f4d605d) (ScriptedImporter) -> (artifact id: '0e420d9f1d23218583fd9fc9e66e7d09') in 0.0434545 seconds
Number of updated asset objects reloaded before import = 0Number of asset objects unloaded after import = 3

========================================================================
Received Import Request.
  Time since last request: 0.000028 seconds.
  path: Assets/Character/Player/raptor/gif/4x
  artifactKey: Guid(a8b30985c74fe4e4a9cd222269f2351a) Importer(2089858483,b0f066a214c2f5e87bad3c948f4d605d)
Start importing Assets/Character/Player/raptor/gif/4x using Guid(a8b30985c74fe4e4a9cd222269f2351a) Importer(2089858483,b0f066a214c2f5e87bad3c948f4d605d) (ScriptedImporter) -> (artifact id: 'd86e552d7d1b8bea86b30b8e14e820a4') in 0.0249444 seconds
Number of updated asset objects reloaded before import = 0Number of asset objects unloaded after import = 1

========================================================================
Received Import Request.
  Time since last request: 0.000044 seconds.
  path: Assets/Character/Player/raptor/png/4x/raptor-roar/raptor-roar1.png
  artifactKey: Guid(40a35fe42b17f1a41b2575d8e7d8cb64) Importer(2089858483,b0f066a214c2f5e87bad3c948f4d605d)
Start importing Assets/Character/Player/raptor/png/4x/raptor-roar/raptor-roar1.png using Guid(40a35fe42b17f1a41b2575d8e7d8cb64) Importer(2089858483,b0f066a214c2f5e87bad3c948f4d605d) (ScriptedImporter) -> (artifact id: 'fb7e0f009399f05dbe4f67dd340d41bb') in 0.0338233 seconds
Number of updated asset objects reloaded before import = 0Number of asset objects unloaded after import = 3

========================================================================
Received Import Request.
  Time since last request: 0.000043 seconds.
  path: Assets/Character/Player/raptor/png/1x/raptor-bite/raptor-bite3.png
  artifactKey: Guid(3190bc2a3ad3d34408b5c8d7f5f05179) Importer(2089858483,b0f066a214c2f5e87bad3c948f4d605d)
Start importing Assets/Character/Player/raptor/png/1x/raptor-bite/raptor-bite3.png using Guid(3190bc2a3ad3d34408b5c8d7f5f05179) Importer(2089858483,b0f066a214c2f5e87bad3c948f4d605d) (ScriptedImporter) -> (artifact id: '15d8e463542e94b61b1ad535656879e7') in 0.034173 seconds
Number of updated asset objects reloaded before import = 0Number of asset objects unloaded after import = 3

========================================================================
Received Import Request.
  Time since last request: 0.000035 seconds.
  path: Assets/Character/Player/raptor/png/2x/raptor-bite/raptor-bite9.png
  artifactKey: Guid(637b8f62784c1a847b1c9d6831c9c205) Importer(2089858483,b0f066a214c2f5e87bad3c948f4d605d)
Start importing Assets/Character/Player/raptor/png/2x/raptor-bite/raptor-bite9.png using Guid(637b8f62784c1a847b1c9d6831c9c205) Importer(2089858483,b0f066a214c2f5e87bad3c948f4d605d) (ScriptedImporter) -> (artifact id: '4859836590be71dfecd57c8bf545420a') in 0.0397976 seconds
Number of updated asset objects reloaded before import = 0Number of asset objects unloaded after import = 6

========================================================================
Received Import Request.
  Time since last request: 0.000034 seconds.
  path: Assets/Character/Player/raptor/png/2x/raptor-walk/raptor-walk4.png
  artifactKey: Guid(285824a3189f61744b2b82bed6618150) Importer(2089858483,b0f066a214c2f5e87bad3c948f4d605d)
Start importing Assets/Character/Player/raptor/png/2x/raptor-walk/raptor-walk4.png using Guid(285824a3189f61744b2b82bed6618150) Importer(2089858483,b0f066a214c2f5e87bad3c948f4d605d) (ScriptedImporter) -> (artifact id: '98e78f2ee584843a1d7f0ad72a2874be') in 0.0334854 seconds
Number of updated asset objects reloaded before import = 0Number of asset objects unloaded after import = 3

========================================================================
Received Import Request.
  Time since last request: 0.000055 seconds.
  path: Assets/Character/Player/raptor/png/4x/raptor-on-hit
  artifactKey: Guid(32826fec38e7194448acd31018eb9550) Importer(2089858483,b0f066a214c2f5e87bad3c948f4d605d)
Start importing Assets/Character/Player/raptor/png/4x/raptor-on-hit using Guid(32826fec38e7194448acd31018eb9550) Importer(2089858483,b0f066a214c2f5e87bad3c948f4d605d) (ScriptedImporter) -> (artifact id: '3c927aa3b03ef09a256fef7132072008') in 0.0278179 seconds
Number of updated asset objects reloaded before import = 0Number of asset objects unloaded after import = 1

========================================================================
Received Import Request.
  Time since last request: 0.000028 seconds.
  path: Assets/Character/Player/raptor/png/1x/raptor-idle
  artifactKey: Guid(5d06a77bdae9a354ea9039adacac9bbe) Importer(2089858483,b0f066a214c2f5e87bad3c948f4d605d)
Start importing Assets/Character/Player/raptor/png/1x/raptor-idle using Guid(5d06a77bdae9a354ea9039adacac9bbe) Importer(2089858483,b0f066a214c2f5e87bad3c948f4d605d) (ScriptedImporter) -> (artifact id: 'af6cb06f3b7a017d8c99427021d76d03') in 0.0265299 seconds
Number of updated asset objects reloaded before import = 0Number of asset objects unloaded after import = 1

========================================================================
Received Import Request.
  Time since last request: 0.000044 seconds.
  path: Assets/Character/Player/raptor/png/4x/raptor-run/raptor-run6.png
  artifactKey: Guid(4039ffe22d8376548ba7bb28c2259ade) Importer(2089858483,b0f066a214c2f5e87bad3c948f4d605d)
Start importing Assets/Character/Player/raptor/png/4x/raptor-run/raptor-run6.png using Guid(4039ffe22d8376548ba7bb28c2259ade) Importer(2089858483,b0f066a214c2f5e87bad3c948f4d605d) (ScriptedImporter) -> (artifact id: '709a4d8e7aa79e9490c902508fc2aa5f') in 0.0367839 seconds
Number of updated asset objects reloaded before import = 0Number of asset objects unloaded after import = 3

========================================================================
Received Import Request.
  Time since last request: 0.000045 seconds.
  path: Assets/Character/Player/raptor/png/1x/raptor-walk/raptor-walk1.png
  artifactKey: Guid(130912f4221d2ca4fb6455ee6aa097f4) Importer(2089858483,b0f066a214c2f5e87bad3c948f4d605d)
Start importing Assets/Character/Player/raptor/png/1x/raptor-walk/raptor-walk1.png using Guid(130912f4221d2ca4fb6455ee6aa097f4) Importer(2089858483,b0f066a214c2f5e87bad3c948f4d605d) (ScriptedImporter) -> (artifact id: 'b7f035c9fa81c36f140a22b691d65c7b') in 0.0321477 seconds
Number of updated asset objects reloaded before import = 0Number of asset objects unloaded after import = 3

========================================================================
Received Import Request.
  Time since last request: 0.000027 seconds.
  path: Assets/Character/Player/raptor/preview_images/preview-raptor-jump.aseprite
  artifactKey: Guid(e6ddfcdae394ef148bfb1e9ecd009d7e) Importer(2089858483,b0f066a214c2f5e87bad3c948f4d605d)
Start importing Assets/Character/Player/raptor/preview_images/preview-raptor-jump.aseprite using Guid(e6ddfcdae394ef148bfb1e9ecd009d7e) Importer(2089858483,b0f066a214c2f5e87bad3c948f4d605d) (ScriptedImporter) -> (artifact id: '5f4ed62f6e385bec109f9b830c4ca0c5') in 0.0815344 seconds
Number of updated asset objects reloaded before import = 0Number of asset objects unloaded after import = 19

========================================================================
Received Import Request.
  Time since last request: 0.000034 seconds.
  path: Assets/Character/Player/raptor/png/5x/raptor-scanning/raptor-scanning12.png
  artifactKey: Guid(17f26c0179bc9764b90319555e689399) Importer(2089858483,b0f066a214c2f5e87bad3c948f4d605d)
Start importing Assets/Character/Player/raptor/png/5x/raptor-scanning/raptor-scanning12.png using Guid(17f26c0179bc9764b90319555e689399) Importer(2089858483,b0f066a214c2f5e87bad3c948f4d605d) (ScriptedImporter) -> (artifact id: '0ce42ed78b891b217096a5309aec2e04') in 0.0370798 seconds
Number of updated asset objects reloaded before import = 0Number of asset objects unloaded after import = 3

========================================================================
Received Import Request.
  Time since last request: 0.000048 seconds.
  path: Assets/Character/Player/raptor/png/1x/raptor-scanning/raptor-scanning14.png
  artifactKey: Guid(3c803857737fc894d865246581b6a945) Importer(2089858483,b0f066a214c2f5e87bad3c948f4d605d)
Start importing Assets/Character/Player/raptor/png/1x/raptor-scanning/raptor-scanning14.png using Guid(3c803857737fc894d865246581b6a945) Importer(2089858483,b0f066a214c2f5e87bad3c948f4d605d) (ScriptedImporter) -> (artifact id: 'dc6060df2d55e05b94d54be7b9edc5d7') in 0.036254 seconds
Number of updated asset objects reloaded before import = 0Number of asset objects unloaded after import = 3

========================================================================
Received Import Request.
  Time since last request: 0.000035 seconds.
  path: Assets/Character/Player/raptor/spritesheets/1x/raptor-bite.png
  artifactKey: Guid(f68f1f28428e67147a3cad5f83d78fd5) Importer(2089858483,b0f066a214c2f5e87bad3c948f4d605d)
Start importing Assets/Character/Player/raptor/spritesheets/1x/raptor-bite.png using Guid(f68f1f28428e67147a3cad5f83d78fd5) Importer(2089858483,b0f066a214c2f5e87bad3c948f4d605d) (ScriptedImporter) -> (artifact id: '63289ba30caca6f348560a27b5cf9942') in 0.0575698 seconds
Number of updated asset objects reloaded before import = 0Number of asset objects unloaded after import = 15

========================================================================
Received Import Request.
  Time since last request: 0.000035 seconds.
  path: Assets/Character/Player/raptor/png/3x/raptor-jump
  artifactKey: Guid(9f727765325f62c4f875422a19fc905b) Importer(2089858483,b0f066a214c2f5e87bad3c948f4d605d)
Start importing Assets/Character/Player/raptor/png/3x/raptor-jump using Guid(9f727765325f62c4f875422a19fc905b) Importer(2089858483,b0f066a214c2f5e87bad3c948f4d605d) (ScriptedImporter) -> (artifact id: 'c51ff0d25508890715b209d0728bb643') in 0.0232994 seconds
Number of updated asset objects reloaded before import = 0Number of asset objects unloaded after import = 1

========================================================================
Received Import Request.
  Time since last request: 0.000049 seconds.
  path: Assets/Character/Player/raptor/png/1x/raptor-scanning/raptor-scanning17.png
  artifactKey: Guid(5d485bf04264a4749b514e3f2d580754) Importer(2089858483,b0f066a214c2f5e87bad3c948f4d605d)
Start importing Assets/Character/Player/raptor/png/1x/raptor-scanning/raptor-scanning17.png using Guid(5d485bf04264a4749b514e3f2d580754) Importer(2089858483,b0f066a214c2f5e87bad3c948f4d605d) (ScriptedImporter) -> (artifact id: 'd1d47e3e73efea40c918373240c55c29') in 0.0536932 seconds
Number of updated asset objects reloaded before import = 0Number of asset objects unloaded after import = 3

========================================================================
Received Import Request.
  Time since last request: 0.000035 seconds.
  path: Assets/Character/Player/raptor/png/5x/raptor-pounced-attack
  artifactKey: Guid(327578b706094984e96cdd9a7236920d) Importer(2089858483,b0f066a214c2f5e87bad3c948f4d605d)
Start importing Assets/Character/Player/raptor/png/5x/raptor-pounced-attack using Guid(327578b706094984e96cdd9a7236920d) Importer(2089858483,b0f066a214c2f5e87bad3c948f4d605d) (ScriptedImporter) -> (artifact id: '7bc3c37b07beb67092dcd8c0f7a87564') in 0.0260065 seconds
Number of updated asset objects reloaded before import = 0Number of asset objects unloaded after import = 1

========================================================================
Received Import Request.
  Time since last request: 0.000039 seconds.
  path: Assets/Character/Player/raptor/png/2x/raptor-scanning/raptor-scanning15.png
  artifactKey: Guid(73c88cdd9a4b29744859fe4b61ae9898) Importer(2089858483,b0f066a214c2f5e87bad3c948f4d605d)
Start importing Assets/Character/Player/raptor/png/2x/raptor-scanning/raptor-scanning15.png using Guid(73c88cdd9a4b29744859fe4b61ae9898) Importer(2089858483,b0f066a214c2f5e87bad3c948f4d605d) (ScriptedImporter) -> (artifact id: '90277aecc9e4c2390c26521db163f737') in 0.0426588 seconds
Number of updated asset objects reloaded before import = 0Number of asset objects unloaded after import = 3

========================================================================
Received Import Request.
  Time since last request: 0.000122 seconds.
  path: Assets/Character/Player/raptor/gif/3x/raptor-ready-pounce.gif
  artifactKey: Guid(eb5774eaa91fcb24688f3a66f6dfc4bd) Importer(2089858483,b0f066a214c2f5e87bad3c948f4d605d)
Start importing Assets/Character/Player/raptor/gif/3x/raptor-ready-pounce.gif using Guid(eb5774eaa91fcb24688f3a66f6dfc4bd) Importer(2089858483,b0f066a214c2f5e87bad3c948f4d605d) (ScriptedImporter) -> (artifact id: '4d2ef35c5f7685d26aac755cb5bad585') in 0.0384981 seconds
Number of updated asset objects reloaded before import = 0Number of asset objects unloaded after import = 3

========================================================================
Received Import Request.
  Time since last request: 0.000029 seconds.
  path: Assets/Character/Player/raptor/png/2x/raptor-bite/raptor-bite6.png
  artifactKey: Guid(360404b0db389a045a3c9e0c50790705) Importer(2089858483,b0f066a214c2f5e87bad3c948f4d605d)
Start importing Assets/Character/Player/raptor/png/2x/raptor-bite/raptor-bite6.png using Guid(360404b0db389a045a3c9e0c50790705) Importer(2089858483,b0f066a214c2f5e87bad3c948f4d605d) (ScriptedImporter) -> (artifact id: '04c1d9031873dd5018f0fc00210d66fa') in 0.0403657 seconds
Number of updated asset objects reloaded before import = 0Number of asset objects unloaded after import = 3

========================================================================
Received Import Request.
  Time since last request: 0.000040 seconds.
  path: Assets/Character/Player/raptor/png/3x/raptor-scanning/raptor-scanning5.png
  artifactKey: Guid(84063411d8e9a7b41ae0edbfbc0455f6) Importer(2089858483,b0f066a214c2f5e87bad3c948f4d605d)
Start importing Assets/Character/Player/raptor/png/3x/raptor-scanning/raptor-scanning5.png using Guid(84063411d8e9a7b41ae0edbfbc0455f6) Importer(2089858483,b0f066a214c2f5e87bad3c948f4d605d) (ScriptedImporter) -> (artifact id: '5d55d56cfd94b4702c15077d72d4581d') in 0.0346446 seconds
Number of updated asset objects reloaded before import = 0Number of asset objects unloaded after import = 3

========================================================================
Received Import Request.
  Time since last request: 0.000055 seconds.
  path: Assets/Character/Player/raptor/png/5x/raptor-roar/raptor-roar6.png
  artifactKey: Guid(6d2bff9cd2992c74c996ef3d8da59e43) Importer(2089858483,b0f066a214c2f5e87bad3c948f4d605d)
Start importing Assets/Character/Player/raptor/png/5x/raptor-roar/raptor-roar6.png using Guid(6d2bff9cd2992c74c996ef3d8da59e43) Importer(2089858483,b0f066a214c2f5e87bad3c948f4d605d) (ScriptedImporter) -> (artifact id: 'd7cd37f069a020f2c5e6d21b25e7b439') in 0.0599282 seconds
Number of updated asset objects reloaded before import = 0Number of asset objects unloaded after import = 13

========================================================================
Received Import Request.
  Time since last request: 0.000032 seconds.
  path: Assets/Character/Player/raptor/png/2x/raptor-run/raptor-run3.png
  artifactKey: Guid(161dceba2241b1248ab481c9fbb76efa) Importer(2089858483,b0f066a214c2f5e87bad3c948f4d605d)
Start importing Assets/Character/Player/raptor/png/2x/raptor-run/raptor-run3.png using Guid(161dceba2241b1248ab481c9fbb76efa) Importer(2089858483,b0f066a214c2f5e87bad3c948f4d605d) (ScriptedImporter) -> (artifact id: '1f82efa9b3ce3bc885d33583bcd67aff') in 0.0369578 seconds
Number of updated asset objects reloaded before import = 0Number of asset objects unloaded after import = 3

========================================================================
Received Import Request.
  Time since last request: 0.000035 seconds.
  path: Assets/Character/Player/raptor/png/3x/raptor-idle/raptor-idle1.png
  artifactKey: Guid(8b8185a433ada3346a2b3fb43715d318) Importer(2089858483,b0f066a214c2f5e87bad3c948f4d605d)
Start importing Assets/Character/Player/raptor/png/3x/raptor-idle/raptor-idle1.png using Guid(8b8185a433ada3346a2b3fb43715d318) Importer(2089858483,b0f066a214c2f5e87bad3c948f4d605d) (ScriptedImporter) -> (artifact id: 'a7d391fdeb2daaeb023cf58e6a34a58e') in 0.0436369 seconds
Number of updated asset objects reloaded before import = 0Number of asset objects unloaded after import = 3

========================================================================
Received Import Request.
  Time since last request: 0.000054 seconds.
  path: Assets/Character/Player/raptor/png/1x/raptor-bite/raptor-bite2.png
  artifactKey: Guid(721a40110d437f54db7463d8c316b542) Importer(2089858483,b0f066a214c2f5e87bad3c948f4d605d)
Start importing Assets/Character/Player/raptor/png/1x/raptor-bite/raptor-bite2.png using Guid(721a40110d437f54db7463d8c316b542) Importer(2089858483,b0f066a214c2f5e87bad3c948f4d605d) (ScriptedImporter) -> (artifact id: '7be574fbf98b5b4c1279204fa4cbb480') in 0.0353797 seconds
Number of updated asset objects reloaded before import = 0Number of asset objects unloaded after import = 5

========================================================================
Received Import Request.
  Time since last request: 0.000032 seconds.
  path: Assets/Character/Player/raptor/png/4x/raptor-ready-pounce
  artifactKey: Guid(d119ad8867ea8ba4ca9061d64eb5323f) Importer(2089858483,b0f066a214c2f5e87bad3c948f4d605d)
Start importing Assets/Character/Player/raptor/png/4x/raptor-ready-pounce using Guid(d119ad8867ea8ba4ca9061d64eb5323f) Importer(2089858483,b0f066a214c2f5e87bad3c948f4d605d) (ScriptedImporter) -> (artifact id: 'be84eb84674df8d6bb07bbdc0fe9f4cd') in 0.0246762 seconds
Number of updated asset objects reloaded before import = 0Number of asset objects unloaded after import = 1

========================================================================
Received Import Request.
  Time since last request: 0.000030 seconds.
  path: Assets/Character/Player/raptor/png/1x/raptor-pounced-attack/raptor-pounced-attack6.png
  artifactKey: Guid(a75349d8e4668344d958caf086d7759a) Importer(2089858483,b0f066a214c2f5e87bad3c948f4d605d)
Start importing Assets/Character/Player/raptor/png/1x/raptor-pounced-attack/raptor-pounced-attack6.png using Guid(a75349d8e4668344d958caf086d7759a) Importer(2089858483,b0f066a214c2f5e87bad3c948f4d605d) (ScriptedImporter) -> (artifact id: '857a80ecd9a967c17dd8364857066a37') in 0.0321933 seconds
Number of updated asset objects reloaded before import = 0Number of asset objects unloaded after import = 3

========================================================================
Received Import Request.
  Time since last request: 0.000051 seconds.
  path: Assets/Character/Player/raptor/png/1x/raptor-pounced-attack/raptor-pounced-attack5.png
  artifactKey: Guid(eaa2a6ada35636246843bfa5a9fd9aaf) Importer(2089858483,b0f066a214c2f5e87bad3c948f4d605d)
Start importing Assets/Character/Player/raptor/png/1x/raptor-pounced-attack/raptor-pounced-attack5.png using Guid(eaa2a6ada35636246843bfa5a9fd9aaf) Importer(2089858483,b0f066a214c2f5e87bad3c948f4d605d) (ScriptedImporter) -> (artifact id: '42a671d343e3ac1d94d75c183a95034e') in 0.0325694 seconds
Number of updated asset objects reloaded before import = 0Number of asset objects unloaded after import = 3

========================================================================
Received Import Request.
  Time since last request: 0.000030 seconds.
  path: Assets/Character/Player/raptor/spritesheets/3x/raptor-scanning.png
  artifactKey: Guid(0ded55c06d91cdd47870624ef0eb9305) Importer(2089858483,b0f066a214c2f5e87bad3c948f4d605d)
Start importing Assets/Character/Player/raptor/spritesheets/3x/raptor-scanning.png using Guid(0ded55c06d91cdd47870624ef0eb9305) Importer(2089858483,b0f066a214c2f5e87bad3c948f4d605d) (ScriptedImporter) -> (artifact id: '706481318dff2801eb55b894d2af00b5') in 0.0742517 seconds
Number of updated asset objects reloaded before import = 0Number of asset objects unloaded after import = 20

Editor requested this worker to shutdown with reason: Scaling down because of idle timeout
AssetImportWorkerClient::OnTransportError - code=2 error=End of file
AssetImportWorker is now disconnected from the server
Process exiting
Exiting without the bug reporter. Application will terminate with return code 0