[Licensing::Module] Trying to connect to existing licensing client channel...
[Licensing::IpcConnector] Successfully connected to: "LicenseClient-crist" at "2026-04-06T13:32:33.7553415Z"
Built from '6000.3/staging' branch; Version is '6000.3.11f1 (3000ef702840) revision 3145967'; Using compiler version '194234433'; Build Type 'Release'
OS: 'Windows 11  (10.0.26200) CoreSingleLanguage' Language: 'es' Physical Memory: 7381 MB
BatchMode: 1, IsHumanControllingUs: 0, StartBugReporterOnCrash: 0, Is64bit: 1
System  architecture: x64
Process architecture: x64
Date: 2026-04-06T13:32:33Z

COMMAND LINE ARGUMENTS:
C:\Program Files\Unity\Hub\Editor\6000.3.11f1\Editor\Unity.exe
-adb2
-batchMode
-noUpm
-name
AssetImportWorker4
-projectPath
C:/Users/crist/OneDrive/Documentos/GitHub/endless-runner
-logFile
Logs/AssetImportWorker4.log
-srvPort
56959
-licensingIpc
LicenseClient-crist
-job-worker-count
5
-background-job-worker-count
8
-gc-helper-count
1
-name
AssetImport
Successfully changed project path to: C:/Users/crist/OneDrive/Documentos/GitHub/endless-runner
C:/Users/crist/OneDrive/Documentos/GitHub/endless-runner
[UnityMemory] Configuration Parameters - Can be set up in boot.config
    "memorysetup-temp-allocator-size-nav-mesh-worker=65536"
    "memorysetup-temp-allocator-size-audio-worker=65536"
    "memorysetup-temp-allocator-size-gfx=262144"
    "memorysetup-allocator-temp-initial-block-size-main=262144"
    "memorysetup-allocator-temp-initial-block-size-worker=262144"
    "memorysetup-temp-allocator-size-background-worker=32768"
    "memorysetup-temp-allocator-size-job-worker=262144"
    "memorysetup-temp-allocator-size-preload-manager=33554432"
    "memorysetup-temp-allocator-size-gi-baking-worker=262144"
    "memorysetup-temp-allocator-size-gi-baking-worker=262144"
    "memorysetup-temp-allocator-size-gi-baking-worker=262144"
    "memorysetup-temp-allocator-size-gi-baking-worker=262144"
    "memorysetup-temp-allocator-size-gi-baking-worker=262144"
    "memorysetup-bucket-allocator-granularity=16"
    "memorysetup-bucket-allocator-bucket-count=8"
    "memorysetup-bucket-allocator-block-size=33554432"
    "memorysetup-bucket-allocator-block-count=8"
    "memorysetup-main-allocator-block-size=16777216"
    "memorysetup-thread-allocator-block-size=16777216"
    "memorysetup-gfx-main-allocator-block-size=16777216"
    "memorysetup-gfx-thread-allocator-block-size=16777216"
    "memorysetup-cache-allocator-block-size=4194304"
    "memorysetup-typetree-allocator-block-size=2097152"
    "memorysetup-profiler-bucket-allocator-granularity=16"
    "memorysetup-profiler-bucket-allocator-bucket-count=8"
    "memorysetup-profiler-bucket-allocator-block-size=33554432"
    "memorysetup-profiler-bucket-allocator-block-count=8"
    "memorysetup-profiler-allocator-block-size=16777216"
    "memorysetup-profiler-editor-allocator-block-size=1048576"
    "memorysetup-temp-allocator-size-main=16777216"
    "memorysetup-job-temp-allocator-block-size=2097152"
    "memorysetup-job-temp-allocator-block-size-background=1048576"
    "memorysetup-job-temp-allocator-reduction-small-platforms=262144"
    "memorysetup-temp-allocator-size-cloud-worker=32768"
Player connection [25460]  Target information:

Player connection [25460]  * "[IP] 192.168.56.1 [Port] 0 [Flags] 2 [Guid] 1520859543 [EditorId] 1520859543 [Version] 1048832 [Id] WindowsEditor(7,LAPTOP-QKGJJ9E6) [Debug] 1 [PackageName] WindowsEditor [ProjectName] Editor" 

Player connection [25460]  * "[IP] 10.244.114.80 [Port] 0 [Flags] 2 [Guid] 1520859543 [EditorId] 1520859543 [Version] 1048832 [Id] WindowsEditor(7,LAPTOP-QKGJJ9E6) [Debug] 1 [PackageName] WindowsEditor [ProjectName] Editor" 

Player connection [25460] Host joined multi-casting on [225.0.0.222:54997]...
Player connection [25460] Host joined alternative multi-casting on [225.0.0.222:34997]...
JobSystem: Creating JobQueue using job-worker-count value 5
Input System module state changed to: Initialized.
[Physics::Module] Initialized fallback backend.
[Physics::Module] Id: 0xdecafbad
Library Redirect Path: Library/
[Physics::Module] Selected backend.
[Physics::Module] Name: PhysX
[Physics::Module] Id: 0xf2b8ea05
[Physics::Module] SDK Version: 4.1.2
[Physics::Module] Integration Version: 1.0.0
[Physics::Module] Threading Mode: Multi-Threaded
Refreshing native plugins compatible for Editor in 299.50 ms, found 4 plugins.
Preloading 0 native plugins for Editor in 0.00 ms.
Initialize engine version: 6000.3.11f1 (3000ef702840)
[Subsystems] Discovering subsystems at path C:/Program Files/Unity/Hub/Editor/6000.3.11f1/Editor/Data/Resources/UnitySubsystems
[Subsystems] Discovering subsystems at path C:/Users/crist/OneDrive/Documentos/GitHub/endless-runner/Assets
GfxDevice: creating device client; kGfxThreadingModeNonThreaded
Direct3D:
    Version:  Direct3D 11.0 [level 11.1]
    Renderer: NVIDIA GeForce RTX 2050 (ID=0x25ad)
    Vendor:   NVIDIA
    VRAM:     3964 MB
    Driver:   32.0.15.8183
Initialize mono
Mono path[0] = 'C:/Program Files/Unity/Hub/Editor/6000.3.11f1/Editor/Data/Managed'
Mono path[1] = 'C:/Program Files/Unity/Hub/Editor/6000.3.11f1/Editor/Data/MonoBleedingEdge/lib/mono/unityjit-win32'
Mono config path = 'C:/Program Files/Unity/Hub/Editor/6000.3.11f1/Editor/Data/MonoBleedingEdge/etc'
Using monoOptions --debugger-agent=transport=dt_socket,embedding=1,server=y,suspend=n,address=127.0.0.1:56436
[Licensing::Client] Error: HandshakeResponse reported an error:
	ResponseCode: 505
	ResponseStatus: Unsupported protocol version '1.18.0'.
[Licensing::Module] Error: Failed to handshake to channel: "LicenseClient-crist"
[Licensing::IpcConnector] LicenseClient-crist channel disconnected successfully.
Begin MonoManager ReloadAssembly
[Licensing::IpcConnector] Successfully connected to: "LicenseClient-crist-6000.3.11" at "2026-04-06T13:32:38.4230689Z"
[Licensing::Client] Handshaking with LicensingClient:
  Version:                 1.18.0+23225a6
  Session Id:              16e44f54862c44ef8512dbf5ff4301da
  Correlation Id:          06b8d26072f2b512451ce0fd9b3da9de
  External correlation Id: 6977256787290741404
  Machine Id:              ASD46pzRgqmdE12JQAPYJBfoMCg=
[Licensing::Module] Successfully connected to LicensingClient on channel: "LicenseClient-crist-6000.3.11" (connect: 0.04s, validation: 0.01s, handshake: 0.33s)
[Licensing::IpcConnector] Successfully connected to: "LicenseClient-crist-6000.3.11-notifications" at "2026-04-06T13:32:38.7620678Z"
[Licensing::Module] Licensing Background thread has ended after 5.01s
Registering precompiled unity dll's ...
Register platform support module: C:/Program Files/Unity/Hub/Editor/6000.3.11f1/Editor/Data/PlaybackEngines/WebGLSupport/UnityEditor.WebGL.Extensions.dll
Register platform support module: C:/Program Files/Unity/Hub/Editor/6000.3.11f1/Editor/Data/PlaybackEngines/WindowsStandaloneSupport/UnityEditor.WindowsStandalone.Extensions.dll
Registered in 0.012498 seconds.
- Loaded All Assemblies, in  4.964 seconds
Native extension for WindowsStandalone target not found
Native extension for WebGL target not found
Package Manager log level set to [2]
[Package Manager] Failed to launch server process. Reason: Unity was launched with the -noUpm command-line argument
[Package Manager] Unable to send message (not connected to server process).
[Package Manager] Cannot connect to Unity Package Manager local server
ScheduleIndexationOnStartup MainProcess:False IndexOnStartup:True
Mono: successfully reloaded assembly
- Finished resetting the current domain, in  0.670 seconds
Domain Reload Profiling: 5631ms
	BeginReloadAssembly (1007ms)
		ExecutionOrderSort (0ms)
		DisableScriptedObjects (0ms)
		BackupInstance (0ms)
		ReleaseScriptingObjects (0ms)
		CreateAndSetChildDomain (3ms)
	RebuildCommonClasses (799ms)
	RebuildNativeTypeToScriptingClass (19ms)
	initialDomainReloadingComplete (130ms)
	LoadAllAssembliesAndSetupDomain (3007ms)
		LoadAssemblies (985ms)
		RebuildTransferFunctionScriptingTraits (0ms)
		AnalyzeDomain (2999ms)
			TypeCache.Refresh (2995ms)
				TypeCache.ScanAssembly (2299ms)
			BuildScriptInfoCaches (0ms)
			ResolveRequiredComponents (1ms)
	FinalizeReload (670ms)
		ReleaseScriptCaches (0ms)
		RebuildScriptCaches (0ms)
		SetupLoadedEditorAssemblies (548ms)
			LogAssemblyErrors (0ms)
			InitializePlatformSupportModulesInManaged (85ms)
			SetLoadedEditorAssemblies (6ms)
			BeforeProcessingInitializeOnLoad (125ms)
			ProcessInitializeOnLoadAttributes (216ms)
			ProcessInitializeOnLoadMethodAttributes (117ms)
			AfterProcessingInitializeOnLoad (0ms)
			EditorAssembliesLoaded (0ms)
		ExecutionOrderSort2 (0ms)
		AwakeInstancesAfterBackupRestoration (0ms)
Assembly reference Packages/com.unity.cinemachine/Editor/Samples/ExposeHDRPInternals/HDRP-Editor-ref.asmref has no target assembly definition
========================================================================
Worker process is ready to serve import requests
Import Worker Mode flag is 0x00
Assembly reference Packages/com.unity.cinemachine/Editor/Samples/ExposeHDRPInternals/HDRP-Editor-ref.asmref has no target assembly definition
Assembly reference Packages/com.unity.cinemachine/Editor/Samples/ExposeHDRPInternals/HDRP-Editor-ref.asmref has no target assembly definition
Begin MonoManager ReloadAssembly
[Licensing::Client] Successfully resolved entitlement details
[Licensing::Module] License group:
  Id: 4674170343135-UnityPersXXXX
  Product: Unity Personal
  Type: Assigned
  Expiration: Unlimited
- Loaded All Assemblies, in  3.723 seconds
Assembly reference Packages/com.unity.cinemachine/Editor/Samples/ExposeHDRPInternals/HDRP-Editor-ref.asmref has no target assembly definition
'Packages/com.unity.cinemachine/Editor/Obsolete/CinemachineVirtualCameraBaseEditor.cs' contains partial class of Unity.Object, exactly 1 of the partial classes needs to be in a file with the same filename. This is to know the one that can be referenced from ie. GameObjects
'Packages/com.unity.cinemachine/Editor/Editors/CinemachineVirtualCameraBaseEditor.cs' contains partial class of Unity.Object, exactly 1 of the partial classes needs to be in a file with the same filename. This is to know the one that can be referenced from ie. GameObjects
Refreshing native plugins compatible for Editor in 5.90 ms, found 4 plugins.
Native extension for WindowsStandalone target not found
Native extension for WebGL target not found
Assembly reference Packages/com.unity.cinemachine/Editor/Samples/ExposeHDRPInternals/HDRP-Editor-ref.asmref has no target assembly definition
[Package Manager] Failed to launch server process. Reason: Unity was launched with the -noUpm command-line argument
[Package Manager] Unable to send message (not connected to server process).
[Package Manager] Cannot connect to Unity Package Manager local server
[Package Manager] Failed to launch server process. Reason: Unity was launched with the -noUpm command-line argument
[Package Manager] Unable to send message (not connected to server process).
[Package Manager] Cannot connect to Unity Package Manager local server
[Package Manager] Failed to launch server process. Reason: Unity was launched with the -noUpm command-line argument
[Package Manager] Unable to send message (not connected to server process).
[Package Manager] Cannot connect to Unity Package Manager local server
ScheduleIndexationOnStartup MainProcess:False IndexOnStartup:True
Mono: successfully reloaded assembly
- Finished resetting the current domain, in  2.635 seconds
Domain Reload Profiling: 6352ms
	BeginReloadAssembly (316ms)
		ExecutionOrderSort (0ms)
		DisableScriptedObjects (9ms)
		BackupInstance (0ms)
		ReleaseScriptingObjects (0ms)
		CreateAndSetChildDomain (63ms)
	RebuildCommonClasses (59ms)
	RebuildNativeTypeToScriptingClass (16ms)
	initialDomainReloadingComplete (67ms)
	LoadAllAssembliesAndSetupDomain (3258ms)
		LoadAssemblies (2777ms)
		RebuildTransferFunctionScriptingTraits (0ms)
		AnalyzeDomain (654ms)
			TypeCache.Refresh (441ms)
				TypeCache.ScanAssembly (399ms)
			BuildScriptInfoCaches (180ms)
			ResolveRequiredComponents (23ms)
	FinalizeReload (2636ms)
		ReleaseScriptCaches (0ms)
		RebuildScriptCaches (0ms)
		SetupLoadedEditorAssemblies (985ms)
			LogAssemblyErrors (0ms)
			InitializePlatformSupportModulesInManaged (4ms)
			SetLoadedEditorAssemblies (8ms)
			BeforeProcessingInitializeOnLoad (210ms)
			ProcessInitializeOnLoadAttributes (635ms)
			ProcessInitializeOnLoadMethodAttributes (118ms)
			AfterProcessingInitializeOnLoad (10ms)
			EditorAssembliesLoaded (1ms)
		ExecutionOrderSort2 (0ms)
		AwakeInstancesAfterBackupRestoration (12ms)
Launched and connected shader compiler UnityShaderCompiler.exe after 0.09 seconds
Refreshing native plugins compatible for Editor in 7.32 ms, found 4 plugins.
Preloading 0 native plugins for Editor in 0.00 ms.
Unloading 17 Unused Serialized files (Serialized files now loaded: 0)
Unloading 7708 unused Assets / (3.9 MB). Loaded Objects now: 8541.
Memory consumption went from 162.2 MB to 158.3 MB.
Total: 37.366900 ms (FindLiveObjects: 3.295300 ms CreateObjectMapping: 2.649800 ms MarkObjects: 20.727900 ms  DeleteObjects: 10.690300 ms)

========================================================================
Received Import Request.
  Time since last request: 1261.877952 seconds.
  path: Assets/Enviroment/craftpix-net-437584-free-moon-pixel-game-backgrounds-unity/Moon Backgrounds Pixel Art/PNG/Background_2/Layer_2.png
  artifactKey: Guid(d90c68d5bfa08c549926a02ced0650b1) Importer(2089858483,b0f066a214c2f5e87bad3c948f4d605d)
Start importing Assets/Enviroment/craftpix-net-437584-free-moon-pixel-game-backgrounds-unity/Moon Backgrounds Pixel Art/PNG/Background_2/Layer_2.png using Guid(d90c68d5bfa08c549926a02ced0650b1) Importer(2089858483,b0f066a214c2f5e87bad3c948f4d605d) (ScriptedImporter) -> (artifact id: '2a0ffce4b84aaa2eed4c5ed13897701a') in 0.3320891 seconds
Number of updated asset objects reloaded before import = 0Number of asset objects unloaded after import = 3

========================================================================
Received Import Request.
  Time since last request: 0.000058 seconds.
  path: Assets/Enviroment/craftpix-net-437584-free-moon-pixel-game-backgrounds-unity/Moon Backgrounds Pixel Art/Documents/COUPON.png
  artifactKey: Guid(983faf9fca26a3041ac1a3752e10ccae) Importer(2089858483,b0f066a214c2f5e87bad3c948f4d605d)
Start importing Assets/Enviroment/craftpix-net-437584-free-moon-pixel-game-backgrounds-unity/Moon Backgrounds Pixel Art/Documents/COUPON.png using Guid(983faf9fca26a3041ac1a3752e10ccae) Importer(2089858483,b0f066a214c2f5e87bad3c948f4d605d) (ScriptedImporter) -> (artifact id: 'fdbb47f2588d37f93633fc3b7325e5a7') in 0.1022203 seconds
Number of updated asset objects reloaded before import = 0Number of asset objects unloaded after import = 3

========================================================================
Received Import Request.
  Time since last request: 0.000054 seconds.
  path: Assets/Enviroment/craftpix-net-404331-free-nature-backgrounds-pixel-art-unity/Nature Backgrounds Pixel Art/Documents/COUPON.png
  artifactKey: Guid(367a593f0665707468b02248cc6590e9) Importer(2089858483,b0f066a214c2f5e87bad3c948f4d605d)
Start importing Assets/Enviroment/craftpix-net-404331-free-nature-backgrounds-pixel-art-unity/Nature Backgrounds Pixel Art/Documents/COUPON.png using Guid(367a593f0665707468b02248cc6590e9) Importer(2089858483,b0f066a214c2f5e87bad3c948f4d605d) (ScriptedImporter) -> (artifact id: '23ced80e6548f93bece5de97315d7992') in 0.0551059 seconds
Number of updated asset objects reloaded before import = 0Number of asset objects unloaded after import = 3

========================================================================
Received Import Request.
  Time since last request: 0.000035 seconds.
  path: Assets/Enviroment/craftpix-net-404331-free-nature-backgrounds-pixel-art-unity/Nature Backgrounds Pixel Art/Documents
  artifactKey: Guid(13fe2d328242ad344a54e4a9d1e577d2) Importer(2089858483,b0f066a214c2f5e87bad3c948f4d605d)
Start importing Assets/Enviroment/craftpix-net-404331-free-nature-backgrounds-pixel-art-unity/Nature Backgrounds Pixel Art/Documents using Guid(13fe2d328242ad344a54e4a9d1e577d2) Importer(2089858483,b0f066a214c2f5e87bad3c948f4d605d) (ScriptedImporter) -> (artifact id: '358d1218efa9d0886981b23dd9e0f53a') in 0.0388273 seconds
Number of updated asset objects reloaded before import = 0Number of asset objects unloaded after import = 1

========================================================================
Received Import Request.
  Time since last request: 0.000038 seconds.
  path: Assets/Enviroment/craftpix-net-437584-free-moon-pixel-game-backgrounds-unity/Moon Backgrounds Pixel Art/PNG/Background_2
  artifactKey: Guid(77d5211a57510824e8bbbfe8ed2bb107) Importer(2089858483,b0f066a214c2f5e87bad3c948f4d605d)
Start importing Assets/Enviroment/craftpix-net-437584-free-moon-pixel-game-backgrounds-unity/Moon Backgrounds Pixel Art/PNG/Background_2 using Guid(77d5211a57510824e8bbbfe8ed2bb107) Importer(2089858483,b0f066a214c2f5e87bad3c948f4d605d) (ScriptedImporter) -> (artifact id: '3cb13e1ab596631a2c9d684bfbfbddff') in 0.0298966 seconds
Number of updated asset objects reloaded before import = 0Number of asset objects unloaded after import = 1

========================================================================
Received Import Request.
  Time since last request: 0.000064 seconds.
  path: Assets/Enviroment/craftpix-net-437584-free-moon-pixel-game-backgrounds-unity/Moon Backgrounds Pixel Art/Scenes/Grounded
  artifactKey: Guid(5a91b8b190c645d45ad18b9efcdb738a) Importer(2089858483,b0f066a214c2f5e87bad3c948f4d605d)
Start importing Assets/Enviroment/craftpix-net-437584-free-moon-pixel-game-backgrounds-unity/Moon Backgrounds Pixel Art/Scenes/Grounded using Guid(5a91b8b190c645d45ad18b9efcdb738a) Importer(2089858483,b0f066a214c2f5e87bad3c948f4d605d) (ScriptedImporter) -> (artifact id: '1229b2c24b163b748d6f133d4f96067d') in 0.0263131 seconds
Number of updated asset objects reloaded before import = 0Number of asset objects unloaded after import = 1

========================================================================
Received Import Request.
  Time since last request: 0.000031 seconds.
  path: Assets/Enviroment/craftpix-net-404331-free-nature-backgrounds-pixel-art-unity/Nature Backgrounds Pixel Art/PNG/Background_2/Layer_1.png
  artifactKey: Guid(e47fe6e025533ed4dadfa399690172c5) Importer(2089858483,b0f066a214c2f5e87bad3c948f4d605d)
Start importing Assets/Enviroment/craftpix-net-404331-free-nature-backgrounds-pixel-art-unity/Nature Backgrounds Pixel Art/PNG/Background_2/Layer_1.png using Guid(e47fe6e025533ed4dadfa399690172c5) Importer(2089858483,b0f066a214c2f5e87bad3c948f4d605d) (ScriptedImporter) -> (artifact id: '5df74eb8956d0f045f4ccc848c32f385') in 0.0348108 seconds
Number of updated asset objects reloaded before import = 0Number of asset objects unloaded after import = 3

========================================================================
Received Import Request.
  Time since last request: 0.000027 seconds.
  path: Assets/Enviroment
  artifactKey: Guid(c479c349fe804f6489139243ee3b5bf1) Importer(2089858483,b0f066a214c2f5e87bad3c948f4d605d)
Start importing Assets/Enviroment using Guid(c479c349fe804f6489139243ee3b5bf1) Importer(2089858483,b0f066a214c2f5e87bad3c948f4d605d) (ScriptedImporter) -> (artifact id: '603fa838785c8c3a30bf250e6870adca') in 0.0201464 seconds
Number of updated asset objects reloaded before import = 0Number of asset objects unloaded after import = 1

========================================================================
Received Import Request.
  Time since last request: 0.000043 seconds.
  path: Assets/Enviroment/craftpix-net-437584-free-moon-pixel-game-backgrounds-unity/Moon Backgrounds Pixel Art/Prefabs/Backgrounds/Grounded/Background_1.prefab
  artifactKey: Guid(231c3e17c2bd15445bd52c84147084df) Importer(2089858483,b0f066a214c2f5e87bad3c948f4d605d)
Start importing Assets/Enviroment/craftpix-net-437584-free-moon-pixel-game-backgrounds-unity/Moon Backgrounds Pixel Art/Prefabs/Backgrounds/Grounded/Background_1.prefab using Guid(231c3e17c2bd15445bd52c84147084df) Importer(2089858483,b0f066a214c2f5e87bad3c948f4d605d) (ScriptedImporter) -> (artifact id: '5a968205706abb3ada2e81407bc3f743') in 0.0628918 seconds
Number of updated asset objects reloaded before import = 0Number of asset objects unloaded after import = 16

========================================================================
Received Import Request.
  Time since last request: 0.000034 seconds.
  path: Assets/Enviroment/craftpix-net-404331-free-nature-backgrounds-pixel-art-unity/Nature Backgrounds Pixel Art/PNG/GameObjects/Player.png
  artifactKey: Guid(10aef8fd8277f6c4bbe69abb6d35fbab) Importer(2089858483,b0f066a214c2f5e87bad3c948f4d605d)
Start importing Assets/Enviroment/craftpix-net-404331-free-nature-backgrounds-pixel-art-unity/Nature Backgrounds Pixel Art/PNG/GameObjects/Player.png using Guid(10aef8fd8277f6c4bbe69abb6d35fbab) Importer(2089858483,b0f066a214c2f5e87bad3c948f4d605d) (ScriptedImporter) -> (artifact id: '590f7a4eba3848b0065b96750b03fd6f') in 0.034888 seconds
Number of updated asset objects reloaded before import = 0Number of asset objects unloaded after import = 3

========================================================================
Received Import Request.
  Time since last request: 0.000037 seconds.
  path: Assets/Enviroment/craftpix-net-404331-free-nature-backgrounds-pixel-art-unity/Nature Backgrounds Pixel Art/Prefabs/Materials/NoFriction.physicsMaterial2D
  artifactKey: Guid(e5d2957f80551444b881a45f23fdd554) Importer(2089858483,b0f066a214c2f5e87bad3c948f4d605d)
Start importing Assets/Enviroment/craftpix-net-404331-free-nature-backgrounds-pixel-art-unity/Nature Backgrounds Pixel Art/Prefabs/Materials/NoFriction.physicsMaterial2D using Guid(e5d2957f80551444b881a45f23fdd554) Importer(2089858483,b0f066a214c2f5e87bad3c948f4d605d) (ScriptedImporter) -> (artifact id: '21ab991260f0bc5bd72c56c6f0ad639d') in 0.0371367 seconds
Number of updated asset objects reloaded before import = 0Number of asset objects unloaded after import = 1

========================================================================
Received Import Request.
  Time since last request: 0.000041 seconds.
  path: Assets/Enviroment/craftpix-net-437584-free-moon-pixel-game-backgrounds-unity/Moon Backgrounds Pixel Art/PNG/GameObjects/Player.png
  artifactKey: Guid(4f27ee146cbbc904290ba9d3dc432764) Importer(2089858483,b0f066a214c2f5e87bad3c948f4d605d)
Start importing Assets/Enviroment/craftpix-net-437584-free-moon-pixel-game-backgrounds-unity/Moon Backgrounds Pixel Art/PNG/GameObjects/Player.png using Guid(4f27ee146cbbc904290ba9d3dc432764) Importer(2089858483,b0f066a214c2f5e87bad3c948f4d605d) (ScriptedImporter) -> (artifact id: '53c127b8a35c5309e1dd4bc53b6386c5') in 0.0337382 seconds
Number of updated asset objects reloaded before import = 0Number of asset objects unloaded after import = 3

========================================================================
Received Import Request.
  Time since last request: 0.000087 seconds.
  path: Assets/Enviroment/craftpix-net-404331-free-nature-backgrounds-pixel-art-unity/Nature Backgrounds Pixel Art/Prefabs/Background_7.prefab
  artifactKey: Guid(13832439b7290eb48a3aee4d6ed63b27) Importer(2089858483,b0f066a214c2f5e87bad3c948f4d605d)
Start importing Assets/Enviroment/craftpix-net-404331-free-nature-backgrounds-pixel-art-unity/Nature Backgrounds Pixel Art/Prefabs/Background_7.prefab using Guid(13832439b7290eb48a3aee4d6ed63b27) Importer(2089858483,b0f066a214c2f5e87bad3c948f4d605d) (ScriptedImporter) -> (artifact id: '1ac91c92f3354267ccf18d10afa81078') in 0.0342958 seconds
Number of updated asset objects reloaded before import = 0Number of asset objects unloaded after import = 16

========================================================================
Received Import Request.
  Time since last request: 0.000034 seconds.
  path: Assets/Enviroment/craftpix-net-437584-free-moon-pixel-game-backgrounds-unity/Moon Backgrounds Pixel Art/Scenes/Fly Mode/Background_2.unity
  artifactKey: Guid(50d29d90772b9ab439b8a870a82cc835) Importer(2089858483,b0f066a214c2f5e87bad3c948f4d605d)
Start importing Assets/Enviroment/craftpix-net-437584-free-moon-pixel-game-backgrounds-unity/Moon Backgrounds Pixel Art/Scenes/Fly Mode/Background_2.unity using Guid(50d29d90772b9ab439b8a870a82cc835) Importer(2089858483,b0f066a214c2f5e87bad3c948f4d605d) (ScriptedImporter) -> (artifact id: 'd0adf5cc4aab9c8616c330112e4fe50d') in 0.023234 seconds
Number of updated asset objects reloaded before import = 0Number of asset objects unloaded after import = 1

========================================================================
Received Import Request.
  Time since last request: 0.000060 seconds.
  path: Assets/Enviroment/craftpix-net-437584-free-moon-pixel-game-backgrounds-unity/Moon Backgrounds Pixel Art/Prefabs/Backgrounds/Fly Mode/Background_2.prefab
  artifactKey: Guid(1ecf8cde5862d9d4099db07105d2ac1a) Importer(2089858483,b0f066a214c2f5e87bad3c948f4d605d)
Start importing Assets/Enviroment/craftpix-net-437584-free-moon-pixel-game-backgrounds-unity/Moon Backgrounds Pixel Art/Prefabs/Backgrounds/Fly Mode/Background_2.prefab using Guid(1ecf8cde5862d9d4099db07105d2ac1a) Importer(2089858483,b0f066a214c2f5e87bad3c948f4d605d) (ScriptedImporter) -> (artifact id: '3aa869804a23e974764c137b3c5f4ff1') in 0.0316835 seconds
Number of updated asset objects reloaded before import = 0Number of asset objects unloaded after import = 22

========================================================================
Received Import Request.
  Time since last request: 0.000033 seconds.
  path: Assets/Enviroment/craftpix-net-404331-free-nature-backgrounds-pixel-art-unity/Nature Backgrounds Pixel Art/PNG/Background_2/Layer_2.png
  artifactKey: Guid(ece2fad77785a31478125f0d1606eedd) Importer(2089858483,b0f066a214c2f5e87bad3c948f4d605d)
Start importing Assets/Enviroment/craftpix-net-404331-free-nature-backgrounds-pixel-art-unity/Nature Backgrounds Pixel Art/PNG/Background_2/Layer_2.png using Guid(ece2fad77785a31478125f0d1606eedd) Importer(2089858483,b0f066a214c2f5e87bad3c948f4d605d) (ScriptedImporter) -> (artifact id: '449b2ead4eb8dd0d7e582eb334e2415c') in 0.032145 seconds
Number of updated asset objects reloaded before import = 0Number of asset objects unloaded after import = 3

========================================================================
Received Import Request.
  Time since last request: 0.000032 seconds.
  path: Assets/Enviroment/craftpix-net-437584-free-moon-pixel-game-backgrounds-unity/__MACOSX/Moon Backgrounds Pixel Art/Scenes/Fly Mode
  artifactKey: Guid(4d93ebc1ae255994f9cf7200e4c399f0) Importer(2089858483,b0f066a214c2f5e87bad3c948f4d605d)
Start importing Assets/Enviroment/craftpix-net-437584-free-moon-pixel-game-backgrounds-unity/__MACOSX/Moon Backgrounds Pixel Art/Scenes/Fly Mode using Guid(4d93ebc1ae255994f9cf7200e4c399f0) Importer(2089858483,b0f066a214c2f5e87bad3c948f4d605d) (ScriptedImporter) -> (artifact id: '6ebcebd781aa19ad1e3fabee7a0c22b3') in 0.0213441 seconds
Number of updated asset objects reloaded before import = 0Number of asset objects unloaded after import = 1

========================================================================
Received Import Request.
  Time since last request: 0.000035 seconds.
  path: Assets/Enviroment/craftpix-net-437584-free-moon-pixel-game-backgrounds-unity/Moon Backgrounds Pixel Art/PNG/Background_1
  artifactKey: Guid(d663ea52ad80fda40ad53e1ebf8da55f) Importer(2089858483,b0f066a214c2f5e87bad3c948f4d605d)
Start importing Assets/Enviroment/craftpix-net-437584-free-moon-pixel-game-backgrounds-unity/Moon Backgrounds Pixel Art/PNG/Background_1 using Guid(d663ea52ad80fda40ad53e1ebf8da55f) Importer(2089858483,b0f066a214c2f5e87bad3c948f4d605d) (ScriptedImporter) -> (artifact id: '79356e04970fae78fe018feeb09e6067') in 0.0203064 seconds
Number of updated asset objects reloaded before import = 0Number of asset objects unloaded after import = 1

========================================================================
Received Import Request.
  Time since last request: 0.000027 seconds.
  path: Assets/Enviroment/craftpix-net-404331-free-nature-backgrounds-pixel-art-unity/Nature Backgrounds Pixel Art/Scenes/Background_4.unity
  artifactKey: Guid(7337719dbc501ed4fb34a36039f0644f) Importer(2089858483,b0f066a214c2f5e87bad3c948f4d605d)
Start importing Assets/Enviroment/craftpix-net-404331-free-nature-backgrounds-pixel-art-unity/Nature Backgrounds Pixel Art/Scenes/Background_4.unity using Guid(7337719dbc501ed4fb34a36039f0644f) Importer(2089858483,b0f066a214c2f5e87bad3c948f4d605d) (ScriptedImporter) -> (artifact id: 'e44d7785b884546e3428a0b54c5277e6') in 0.0197734 seconds
Number of updated asset objects reloaded before import = 0Number of asset objects unloaded after import = 1

========================================================================
Received Import Request.
  Time since last request: 0.000029 seconds.
  path: Assets/Enviroment/craftpix-net-404331-free-nature-backgrounds-pixel-art-unity/Nature Backgrounds Pixel Art/PNG/Background_8
  artifactKey: Guid(e11fddf9d0c78af44a357295f330ee0f) Importer(2089858483,b0f066a214c2f5e87bad3c948f4d605d)
Start importing Assets/Enviroment/craftpix-net-404331-free-nature-backgrounds-pixel-art-unity/Nature Backgrounds Pixel Art/PNG/Background_8 using Guid(e11fddf9d0c78af44a357295f330ee0f) Importer(2089858483,b0f066a214c2f5e87bad3c948f4d605d) (ScriptedImporter) -> (artifact id: '229e694c6b227d27e003632acf623ff8') in 0.0193491 seconds
Number of updated asset objects reloaded before import = 0Number of asset objects unloaded after import = 1

========================================================================
Received Import Request.
  Time since last request: 0.000036 seconds.
  path: Assets/Enviroment/craftpix-net-404331-free-nature-backgrounds-pixel-art-unity/Nature Backgrounds Pixel Art/Scenes
  artifactKey: Guid(26822035c03b1f1469a7b31c6c16d84c) Importer(2089858483,b0f066a214c2f5e87bad3c948f4d605d)
Start importing Assets/Enviroment/craftpix-net-404331-free-nature-backgrounds-pixel-art-unity/Nature Backgrounds Pixel Art/Scenes using Guid(26822035c03b1f1469a7b31c6c16d84c) Importer(2089858483,b0f066a214c2f5e87bad3c948f4d605d) (ScriptedImporter) -> (artifact id: '37b4e40cd22bbe4a9aea98c6b615f88c') in 0.0187279 seconds
Number of updated asset objects reloaded before import = 0Number of asset objects unloaded after import = 1

========================================================================
Received Import Request.
  Time since last request: 0.000044 seconds.
  path: Assets/Enviroment/craftpix-net-404331-free-nature-backgrounds-pixel-art-unity/Nature Backgrounds Pixel Art/PNG/Background_3/PSD.psd
  artifactKey: Guid(5112d676350fd3842bf9d160a3e7686a) Importer(2089858483,b0f066a214c2f5e87bad3c948f4d605d)
Start importing Assets/Enviroment/craftpix-net-404331-free-nature-backgrounds-pixel-art-unity/Nature Backgrounds Pixel Art/PNG/Background_3/PSD.psd using Guid(5112d676350fd3842bf9d160a3e7686a) Importer(2089858483,b0f066a214c2f5e87bad3c948f4d605d) (ScriptedImporter) -> (artifact id: 'fd998043568d2b89375c7b896ab57541') in 0.041747 seconds
Number of updated asset objects reloaded before import = 0Number of asset objects unloaded after import = 3

========================================================================
Received Import Request.
  Time since last request: 0.000032 seconds.
  path: Assets/Enviroment/craftpix-net-437584-free-moon-pixel-game-backgrounds-unity/__MACOSX/Moon Backgrounds Pixel Art/PNG/Background_1
  artifactKey: Guid(13dab0b591aacc84d810076239cde7c9) Importer(2089858483,b0f066a214c2f5e87bad3c948f4d605d)
Start importing Assets/Enviroment/craftpix-net-437584-free-moon-pixel-game-backgrounds-unity/__MACOSX/Moon Backgrounds Pixel Art/PNG/Background_1 using Guid(13dab0b591aacc84d810076239cde7c9) Importer(2089858483,b0f066a214c2f5e87bad3c948f4d605d) (ScriptedImporter) -> (artifact id: 'e0ecfa92f08d073f5576640eb54b974c') in 0.0220751 seconds
Number of updated asset objects reloaded before import = 0Number of asset objects unloaded after import = 1

========================================================================
Received Import Request.
  Time since last request: 0.000029 seconds.
  path: Assets/Enviroment/craftpix-net-437584-free-moon-pixel-game-backgrounds-unity/Moon Backgrounds Pixel Art/PNG/Background_1/PSD.psd
  artifactKey: Guid(abdc989b3f29ec34181a45a986590e5d) Importer(2089858483,b0f066a214c2f5e87bad3c948f4d605d)
Start importing Assets/Enviroment/craftpix-net-437584-free-moon-pixel-game-backgrounds-unity/Moon Backgrounds Pixel Art/PNG/Background_1/PSD.psd using Guid(abdc989b3f29ec34181a45a986590e5d) Importer(2089858483,b0f066a214c2f5e87bad3c948f4d605d) (ScriptedImporter) -> (artifact id: '83f2867632f5e5faa57bd26f74b73279') in 0.0328994 seconds
Number of updated asset objects reloaded before import = 0Number of asset objects unloaded after import = 3

========================================================================
Received Import Request.
  Time since last request: 0.000049 seconds.
  path: Assets/Enviroment/craftpix-net-404331-free-nature-backgrounds-pixel-art-unity/Nature Backgrounds Pixel Art/Prefabs
  artifactKey: Guid(1e2a174f6b9dc3a47a19db42f67eefa5) Importer(2089858483,b0f066a214c2f5e87bad3c948f4d605d)
Start importing Assets/Enviroment/craftpix-net-404331-free-nature-backgrounds-pixel-art-unity/Nature Backgrounds Pixel Art/Prefabs using Guid(1e2a174f6b9dc3a47a19db42f67eefa5) Importer(2089858483,b0f066a214c2f5e87bad3c948f4d605d) (ScriptedImporter) -> (artifact id: '7fdeb759abf3812877aa3e76fdb912e9') in 0.0218371 seconds
Number of updated asset objects reloaded before import = 0Number of asset objects unloaded after import = 1

========================================================================
Received Import Request.
  Time since last request: 0.000031 seconds.
  path: Assets/Enviroment/craftpix-net-437584-free-moon-pixel-game-backgrounds-unity/Moon Backgrounds Pixel Art/Scripts/Editor/MainCameraEditor.cs
  artifactKey: Guid(3666be34b7c781443a0f8788a6fff0aa) Importer(2089858483,b0f066a214c2f5e87bad3c948f4d605d)
Start importing Assets/Enviroment/craftpix-net-437584-free-moon-pixel-game-backgrounds-unity/Moon Backgrounds Pixel Art/Scripts/Editor/MainCameraEditor.cs using Guid(3666be34b7c781443a0f8788a6fff0aa) Importer(2089858483,b0f066a214c2f5e87bad3c948f4d605d) (ScriptedImporter) -> (artifact id: 'dd65f587ca2acd950866b5b01985ef91') in 0.0265681 seconds
Number of updated asset objects reloaded before import = 0Number of asset objects unloaded after import = 0

========================================================================
Received Import Request.
  Time since last request: 0.000036 seconds.
  path: Assets/Enviroment/craftpix-net-437584-free-moon-pixel-game-backgrounds-unity/Moon Backgrounds Pixel Art/Prefabs/GameObjects/Player.prefab
  artifactKey: Guid(0285753cc8dab6543bda7de38647c1aa) Importer(2089858483,b0f066a214c2f5e87bad3c948f4d605d)
Start importing Assets/Enviroment/craftpix-net-437584-free-moon-pixel-game-backgrounds-unity/Moon Backgrounds Pixel Art/Prefabs/GameObjects/Player.prefab using Guid(0285753cc8dab6543bda7de38647c1aa) Importer(2089858483,b0f066a214c2f5e87bad3c948f4d605d) (ScriptedImporter) -> (artifact id: 'd022501c252f908c6a8b048e69bcfa4f') in 0.1403448 seconds
Number of updated asset objects reloaded before import = 0Number of asset objects unloaded after import = 11

========================================================================
Received Import Request.
  Time since last request: 0.000047 seconds.
  path: Assets/Enviroment/craftpix-net-404331-free-nature-backgrounds-pixel-art-unity/Nature Backgrounds Pixel Art/PNG/GameObjects
  artifactKey: Guid(5dc9184e05fe1ed4192048c2d80f7ce4) Importer(2089858483,b0f066a214c2f5e87bad3c948f4d605d)
Start importing Assets/Enviroment/craftpix-net-404331-free-nature-backgrounds-pixel-art-unity/Nature Backgrounds Pixel Art/PNG/GameObjects using Guid(5dc9184e05fe1ed4192048c2d80f7ce4) Importer(2089858483,b0f066a214c2f5e87bad3c948f4d605d) (ScriptedImporter) -> (artifact id: '7fe332e7a740a87e13d423416c5fea25') in 0.0269854 seconds
Number of updated asset objects reloaded before import = 0Number of asset objects unloaded after import = 1

========================================================================
Received Import Request.
  Time since last request: 0.000031 seconds.
  path: Assets/Enviroment/craftpix-net-404331-free-nature-backgrounds-pixel-art-unity/Nature Backgrounds Pixel Art/Scripts/Ground.cs
  artifactKey: Guid(abd8e76188800ce4394c7dfb4073a3f1) Importer(2089858483,b0f066a214c2f5e87bad3c948f4d605d)
Start importing Assets/Enviroment/craftpix-net-404331-free-nature-backgrounds-pixel-art-unity/Nature Backgrounds Pixel Art/Scripts/Ground.cs using Guid(abd8e76188800ce4394c7dfb4073a3f1) Importer(2089858483,b0f066a214c2f5e87bad3c948f4d605d) (ScriptedImporter) -> (artifact id: '8cea8cae6522c326bebfb0f05190185d') in 0.021526 seconds
Number of updated asset objects reloaded before import = 0Number of asset objects unloaded after import = 0

========================================================================
Received Import Request.
  Time since last request: 0.000029 seconds.
  path: Assets/Enviroment/craftpix-net-404331-free-nature-backgrounds-pixel-art-unity/Nature Backgrounds Pixel Art/PNG/Background_5/Layer_1.png
  artifactKey: Guid(5d78e34e9c538c348af6df0d8329abc1) Importer(2089858483,b0f066a214c2f5e87bad3c948f4d605d)
Start importing Assets/Enviroment/craftpix-net-404331-free-nature-backgrounds-pixel-art-unity/Nature Backgrounds Pixel Art/PNG/Background_5/Layer_1.png using Guid(5d78e34e9c538c348af6df0d8329abc1) Importer(2089858483,b0f066a214c2f5e87bad3c948f4d605d) (ScriptedImporter) -> (artifact id: 'e8230616abb9afacf5e404344a80efdc') in 0.02555 seconds
Number of updated asset objects reloaded before import = 0Number of asset objects unloaded after import = 3

========================================================================
Received Import Request.
  Time since last request: 0.000044 seconds.
  path: Assets/Enviroment/craftpix-net-404331-free-nature-backgrounds-pixel-art-unity/Nature Backgrounds Pixel Art/Prefabs/Background_2.prefab
  artifactKey: Guid(f2131bcf0830b1b44b5349c0474f7807) Importer(2089858483,b0f066a214c2f5e87bad3c948f4d605d)
Start importing Assets/Enviroment/craftpix-net-404331-free-nature-backgrounds-pixel-art-unity/Nature Backgrounds Pixel Art/Prefabs/Background_2.prefab using Guid(f2131bcf0830b1b44b5349c0474f7807) Importer(2089858483,b0f066a214c2f5e87bad3c948f4d605d) (ScriptedImporter) -> (artifact id: 'e23b71df83558327fc86c15482fa24cc') in 0.0283375 seconds
Number of updated asset objects reloaded before import = 0Number of asset objects unloaded after import = 28

========================================================================
Received Import Request.
  Time since last request: 0.000036 seconds.
  path: Assets/Enviroment/craftpix-net-404331-free-nature-backgrounds-pixel-art-unity/Nature Backgrounds Pixel Art/Documents/COUPON.pdf
  artifactKey: Guid(28fb1c43bdeb3214799d61b43db47711) Importer(2089858483,b0f066a214c2f5e87bad3c948f4d605d)
Start importing Assets/Enviroment/craftpix-net-404331-free-nature-backgrounds-pixel-art-unity/Nature Backgrounds Pixel Art/Documents/COUPON.pdf using Guid(28fb1c43bdeb3214799d61b43db47711) Importer(2089858483,b0f066a214c2f5e87bad3c948f4d605d) (ScriptedImporter) -> (artifact id: '2daaccba74f8acf387eda3bb8a3e555c') in 0.0383338 seconds
Number of updated asset objects reloaded before import = 0Number of asset objects unloaded after import = 1

========================================================================
Received Import Request.
  Time since last request: 0.000032 seconds.
  path: Assets/Enviroment/craftpix-net-437584-free-moon-pixel-game-backgrounds-unity
  artifactKey: Guid(9b57cc8cf0ff26a469282ba0992fb20d) Importer(2089858483,b0f066a214c2f5e87bad3c948f4d605d)
Start importing Assets/Enviroment/craftpix-net-437584-free-moon-pixel-game-backgrounds-unity using Guid(9b57cc8cf0ff26a469282ba0992fb20d) Importer(2089858483,b0f066a214c2f5e87bad3c948f4d605d) (ScriptedImporter) -> (artifact id: '0494f095834deda42ac89b4c8633921d') in 0.0196142 seconds
Number of updated asset objects reloaded before import = 0Number of asset objects unloaded after import = 1

========================================================================
Received Import Request.
  Time since last request: 0.000048 seconds.
  path: Assets/Enviroment/craftpix-net-437584-free-moon-pixel-game-backgrounds-unity/__MACOSX/Moon Backgrounds Pixel Art
  artifactKey: Guid(fc51e094f1ff97b449f770d3d9e95a4b) Importer(2089858483,b0f066a214c2f5e87bad3c948f4d605d)
Start importing Assets/Enviroment/craftpix-net-437584-free-moon-pixel-game-backgrounds-unity/__MACOSX/Moon Backgrounds Pixel Art using Guid(fc51e094f1ff97b449f770d3d9e95a4b) Importer(2089858483,b0f066a214c2f5e87bad3c948f4d605d) (ScriptedImporter) -> (artifact id: '125f1a1c4580fa8904508253e1e5817a') in 0.0233973 seconds
Number of updated asset objects reloaded before import = 0Number of asset objects unloaded after import = 1

========================================================================
Received Import Request.
  Time since last request: 0.000024 seconds.
  path: Assets/Enviroment/craftpix-net-437584-free-moon-pixel-game-backgrounds-unity/Moon Backgrounds Pixel Art/Scenes/Fly Mode/Background_1.unity
  artifactKey: Guid(b9fa7b886b68da44784777fb85b24df0) Importer(2089858483,b0f066a214c2f5e87bad3c948f4d605d)
Start importing Assets/Enviroment/craftpix-net-437584-free-moon-pixel-game-backgrounds-unity/Moon Backgrounds Pixel Art/Scenes/Fly Mode/Background_1.unity using Guid(b9fa7b886b68da44784777fb85b24df0) Importer(2089858483,b0f066a214c2f5e87bad3c948f4d605d) (ScriptedImporter) -> (artifact id: '5ad2eb3118d83710edaea58c5a9acc4b') in 0.0238729 seconds
Number of updated asset objects reloaded before import = 0Number of asset objects unloaded after import = 1

========================================================================
Received Import Request.
  Time since last request: 0.000029 seconds.
  path: Assets/Enviroment/craftpix-net-404331-free-nature-backgrounds-pixel-art-unity/Nature Backgrounds Pixel Art/PNG/Background_1/Layer_4.png
  artifactKey: Guid(2788c637728d35348b205e2af8cb4ee0) Importer(2089858483,b0f066a214c2f5e87bad3c948f4d605d)
Start importing Assets/Enviroment/craftpix-net-404331-free-nature-backgrounds-pixel-art-unity/Nature Backgrounds Pixel Art/PNG/Background_1/Layer_4.png using Guid(2788c637728d35348b205e2af8cb4ee0) Importer(2089858483,b0f066a214c2f5e87bad3c948f4d605d) (ScriptedImporter) -> (artifact id: '554dcba5acd68d9c4094d2ee6dd8c4c5') in 0.033244 seconds
Number of updated asset objects reloaded before import = 0Number of asset objects unloaded after import = 3

========================================================================
Received Import Request.
  Time since last request: 0.000040 seconds.
  path: Assets/Enviroment/craftpix-net-404331-free-nature-backgrounds-pixel-art-unity/Nature Backgrounds Pixel Art/Scenes/Background_1.unity
  artifactKey: Guid(eaaa44bdcb718824687c0913e403df02) Importer(2089858483,b0f066a214c2f5e87bad3c948f4d605d)
Start importing Assets/Enviroment/craftpix-net-404331-free-nature-backgrounds-pixel-art-unity/Nature Backgrounds Pixel Art/Scenes/Background_1.unity using Guid(eaaa44bdcb718824687c0913e403df02) Importer(2089858483,b0f066a214c2f5e87bad3c948f4d605d) (ScriptedImporter) -> (artifact id: 'f81660892442e117535e34316a758edc') in 0.0288856 seconds
Number of updated asset objects reloaded before import = 0Number of asset objects unloaded after import = 1

========================================================================
Received Import Request.
  Time since last request: 0.000035 seconds.
  path: Assets/Enviroment/craftpix-net-437584-free-moon-pixel-game-backgrounds-unity/Moon Backgrounds Pixel Art/Scripts/Editor/ParallaxEffectFlyModeEditor.cs
  artifactKey: Guid(0adc55c84beb32e4db4c1bf3d22af28c) Importer(2089858483,b0f066a214c2f5e87bad3c948f4d605d)
Start importing Assets/Enviroment/craftpix-net-437584-free-moon-pixel-game-backgrounds-unity/Moon Backgrounds Pixel Art/Scripts/Editor/ParallaxEffectFlyModeEditor.cs using Guid(0adc55c84beb32e4db4c1bf3d22af28c) Importer(2089858483,b0f066a214c2f5e87bad3c948f4d605d) (ScriptedImporter) -> (artifact id: 'fe226e1f4fad4e237f7363cd2116cca8') in 0.0217534 seconds
Number of updated asset objects reloaded before import = 0Number of asset objects unloaded after import = 0

========================================================================
Received Import Request.
  Time since last request: 0.000025 seconds.
  path: Assets/Enviroment/craftpix-net-404331-free-nature-backgrounds-pixel-art-unity/Nature Backgrounds Pixel Art/PNG/Background_5/Layer_5.png
  artifactKey: Guid(8bef64ad2f75ae444b7c261a2b64f092) Importer(2089858483,b0f066a214c2f5e87bad3c948f4d605d)
Start importing Assets/Enviroment/craftpix-net-404331-free-nature-backgrounds-pixel-art-unity/Nature Backgrounds Pixel Art/PNG/Background_5/Layer_5.png using Guid(8bef64ad2f75ae444b7c261a2b64f092) Importer(2089858483,b0f066a214c2f5e87bad3c948f4d605d) (ScriptedImporter) -> (artifact id: '6d010ece25b36dd5a0a86f5200de582f') in 0.0311745 seconds
Number of updated asset objects reloaded before import = 0Number of asset objects unloaded after import = 3

========================================================================
Received Import Request.
  Time since last request: 16.015798 seconds.
  path: Assets/Enviroment/craftpix-net-404331-free-nature-backgrounds-pixel-art-unity/Nature Backgrounds Pixel Art
  artifactKey: Guid(b52f17a70e3a0924b9a6e9ae57b2353c) Importer(815301076,1909f56bfc062723c751e8b465ee728b)
Start importing Assets/Enviroment/craftpix-net-404331-free-nature-backgrounds-pixel-art-unity/Nature Backgrounds Pixel Art using Guid(b52f17a70e3a0924b9a6e9ae57b2353c) Importer(815301076,1909f56bfc062723c751e8b465ee728b) (PreviewImporter) -> (artifact id: 'f04e665eb6abcd4161415c1ac0b07d8e') in 0.0024191 seconds
Number of updated asset objects reloaded before import = 0Number of asset objects unloaded after import = 0

========================================================================
Received Import Request.
  Time since last request: 7.405925 seconds.
  path: Assets/Enviroment/craftpix-net-404331-free-nature-backgrounds-pixel-art-unity/Nature Backgrounds Pixel Art/Prefabs
  artifactKey: Guid(1e2a174f6b9dc3a47a19db42f67eefa5) Importer(815301076,1909f56bfc062723c751e8b465ee728b)
Start importing Assets/Enviroment/craftpix-net-404331-free-nature-backgrounds-pixel-art-unity/Nature Backgrounds Pixel Art/Prefabs using Guid(1e2a174f6b9dc3a47a19db42f67eefa5) Importer(815301076,1909f56bfc062723c751e8b465ee728b) (PreviewImporter) -> (artifact id: '8abb997f9df782a1b3bd8fecbe73a935') in 0.0008514 seconds
Number of updated asset objects reloaded before import = 0Number of asset objects unloaded after import = 0

========================================================================
Received Import Request.
  Time since last request: 0.035300 seconds.
  path: Assets/Enviroment/craftpix-net-404331-free-nature-backgrounds-pixel-art-unity/Nature Backgrounds Pixel Art/Prefabs/Background_1.prefab
  artifactKey: Guid(1555dedb56cbee942befd7e39548abba) Importer(815301076,1909f56bfc062723c751e8b465ee728b)
Start importing Assets/Enviroment/craftpix-net-404331-free-nature-backgrounds-pixel-art-unity/Nature Backgrounds Pixel Art/Prefabs/Background_1.prefab using Guid(1555dedb56cbee942befd7e39548abba) Importer(815301076,1909f56bfc062723c751e8b465ee728b) (PreviewImporter) -> (artifact id: '5f9b4a84ec5e25246145970eaa176040') in 0.7911936 seconds
Number of updated asset objects reloaded before import = 0Number of asset objects unloaded after import = 52

Editor requested this worker to shutdown with reason: Scaling down because of idle timeout
AssetImportWorker is now disconnected from the server
Process exiting
Exiting without the bug reporter. Application will terminate with return code 0